GAMS 24.9.2  r64480 Released Nov 14, 2017 DEX-DEG x86 64bit/Mac OS X                                                                                                                                                                   05/15/18 14:52:44 Page 1
green supply chain, from the paper Green supply chain network design with stochastic demand and carbon price.
C o m p i l a t i o n


       
      绿色供应链模型：
      1）五个最终消费者（customer）：New South Wales, Victoria, Queensland, South Australia and Western Australia
      2）五个可能创建的工厂 (plant)：New South Wales, Victoria, Queensland, South Australia and Western Australia
      3）五个可能的仓库 (warehouse)：New South Wales, Victoria, Queensland, South Australia and Western Australia
      4）三个供应商 (supplier)：Queensland, South Australia and Western Australia
      5) 三个产品类型 (products type)：product1,product2,product3 
      6）工厂容量类别（capacity）：small, medium , large 
      7) 仓库(capacity)类别： small , large
      8) 三类生产技术：greener technology：  low, medium, high
      9) 预算( budget constraint ): $30 000 000
      10) 24种场景(scenarios) : 对三类不同产品的需求估计（乐观、悲观 “optimistic” or “pessimistic”) 2*2*2=8,
                              碳价（carbon price： low, medium and high.） 3*8=24
                              *s1   代表product1乐观，product2乐观，product3乐观， 碳价高
                              *s2   代表product1乐观，product2乐观，product3乐观， 碳价正常
                              *s3   代表product1乐观，product2乐观，product3乐观， 碳价底
                              *s4   代表product1乐观，product2乐观，product3悲观， 碳价高 
                              *s5   代表product1乐观，product2乐观，product3悲观， 碳价正常 
                              *s6   代表product1乐观，product2乐观，product3悲观， 碳价底 
                              *s7   代表product1乐观，product2悲观，product3乐观， 碳价高
                              *s8   代表product1乐观，product2悲观，product3乐观， 碳价正常
                              *s9   代表product1乐观，product2悲观，product3乐观， 碳价底 
                              *s10  代表product1乐观，product2悲观，product3悲观， 碳价高
                              *s11  代表product1乐观，product2悲观，product3悲观， 碳价正常
                              *s12  代表product1乐观，product2悲观，product3悲观， 碳价底 
                              *s13  代表product1悲观，product2乐观，product3乐观， 碳价高
                              *s14  代表product1悲观，product2乐观，product3乐观， 碳价正常
                              *s15  代表product1悲观，product2乐观，product3乐观， 碳价底 
                              *s16  代表product1悲观，product2乐观，product3悲观， 碳价高 
                              *s17  代表product1悲观，product2乐观，product3悲观， 碳价正常 
                              *s18  代表product1悲观，product2乐观，product3悲观， 碳价底 
                              *s19  代表product1悲观，product2悲观，product3乐观， 碳价高
                              *s20  代表product1悲观，product2悲观，product3乐观， 碳价正常
                              *s21  代表product1悲观，product2悲观，product3乐观， 碳价底 
                              *s22  代表product1悲观，product2悲观，product3悲观， 碳价高
                              *s23  代表product1悲观，product2悲观，product3悲观， 碳价正常
                              *s24  代表product1悲观，product2悲观，product3悲观， 碳价底
      11) 三种运输方案（transport mode）      
      12) 原材料 raw material r                   
  43   
  44  Set
  45   
  46     i 'product type'          / product1,  product2,  product3 /
  47     r 'raw material'          / r1, r2, r3 /
  48     n 'supplier'              / Queensland, South_Australia, Western_Australia /
  49     m 'plant'                 / New_South_Wales,  Victoria,  Queensland, South_Australia, Western_Australia /
  50     h 'technology'            / green, semi_green, pollutant /
  51     u 'plant capacity'        / small, medium, large /
  52     w 'warehouse'             / New_South_Wales,  Victoria,  Queensland, South_Australia, Western_Australia /
  53     v 'warehouse capacity'    / small, large /
  54     k 'transport mode'        / water_carriage, train, airplane /
  55     j 'customer'              / New_South_Wales,  Victoria,  Queensland, South_Australia, Western_Australia /
  56     s 'scenario'              / s1*s24 /;
GAMS 24.9.2  r64480 Released Nov 14, 2017 DEX-DEG x86 64bit/Mac OS X                                                                                                                                                                   05/15/18 14:52:44 Page 2
green supply chain, from the paper Green supply chain network design with stochastic demand and carbon price.
C o m p i l a t i o n


  57   
  58   
  59  Scalar b   'total budget'                                            / 30000000 /
  60         cap 'Maximum overall allowed carbon emissions (ton)'          / 10000    /;
  61   
  62  Parameter
  63     pai(s) 'Market price of carbon credit in scenario s'
  64  /
INCLUDE    /Users/renhongtao/gamsmodel/supply_chain/data_pai.csv
  67  s1,600
  68  s2,300
  69  s3,0
  70  s4,600
  71  s5,300
  72  s6,0
  73  s7,600
  74  s8,300
  75  s9,0
  76  s10,600
  77  s11,300
  78  s12,0
  79  s13,600
  80  s14,300
  81  s15,0
  82  s16,600
  83  s17,300
  84  s18,0
  85  s19,600
  86  s20,300
  87  s21,0
  88  s22,600
  89  s23,300
  90  s24,0
  92  /
  93   
  94    d(i,j,s) 'Forecasted demand for product i in end-user j in scenario s'
  95  /
INCLUDE    /Users/renhongtao/gamsmodel/supply_chain/data_d.csv
  98  product1,New_South_Wales,s1,32
  99  product1,New_South_Wales,s2,46
 101  /
 102   
 103   f(m,h,u) 'Fixed costs of establishing  plant m with technology h and capacity u'
 104   /
INCLUDE    /Users/renhongtao/gamsmodel/supply_chain/data_f.csv
 107  New_South_Wales,green,medium,1200
 108  New_South_Wales,green,small,600
 110  /
 111   
 112    ff(w,v) 'Fixed costs of establishing  warehouse with capacity u'
 113   /
INCLUDE    /Users/renhongtao/gamsmodel/supply_chain/data_ff.csv
 116  Victoria,large,1200
GAMS 24.9.2  r64480 Released Nov 14, 2017 DEX-DEG x86 64bit/Mac OS X                                                                                                                                                                   05/15/18 14:52:44 Page 3
green supply chain, from the paper Green supply chain network design with stochastic demand and carbon price.
C o m p i l a t i o n


 117  Queensland,small,600
 119  /
 120    fff(n) 'Fixed costs of selecting supplier n'
 121   /
INCLUDE    /Users/renhongtao/gamsmodel/supply_chain/data_fff.csv
 124  Queensland,1200
 125  South_Australia,600
 126  Western_Australia,200
 128  /
 129   
 130    cm(i,m,h) 'cost of manufacturing a unit of product i with technology h in plant m'
 131   /
INCLUDE    /Users/renhongtao/gamsmodel/supply_chain/data_cm.csv
 134  product1,New_South_Wales,green,1200
 135  product1,New_South_Wales,semi_green,800
 136  product1,New_South_Wales,pollutant,200
 137   
 138   
 140  /
 141   
 142    cs(r,n,m) 'cost of purchasing a unit of raw material r from supplier n for processing at plant m'
 143   /
INCLUDE    /Users/renhongtao/gamsmodel/supply_chain/data_cs.csv
 146  r1,Queensland,New_South_Wales,0.45
 147   
 148   
 150  /
 151   
 152    ct(i,m,w,k) 'Per unit cost of shipment of product i from plant m to warehouse w through transport mode k'
 153   /
INCLUDE    /Users/renhongtao/gamsmodel/supply_chain/data_ct.csv
 156  product1,New_South_Wales,Victoria,water_carriage,1.8
 157   
 158   
 160  /
 161    ctt(i,w,j,k) 'Per unit cost of shipment of product i from warehouse w to end-user j through transport mode k'
 162   /
INCLUDE    /Users/renhongtao/gamsmodel/supply_chain/data_ctt.csv
 165  product1,Victoria,New_South_Wales,water_carriage,0.8
 166   
 167   
 169  /
 170   
 171   cttt(i,m,j,k) 'Per unit cost of shipment of product i from plant m to end-user j through transport mode k'
 172   /
INCLUDE    /Users/renhongtao/gamsmodel/supply_chain/data_cttt.csv
 175  product1,New_South_Wales,New_South_Wales,water_carriage,13
 176   
 177   
 179  /
 180   
 181   p(i,h) 'processing time of a unit of product i with technology h'
 182   /
GAMS 24.9.2  r64480 Released Nov 14, 2017 DEX-DEG x86 64bit/Mac OS X                                                                                                                                                                   05/15/18 14:52:44 Page 4
green supply chain, from the paper Green supply chain network design with stochastic demand and carbon price.
C o m p i l a t i o n


INCLUDE    /Users/renhongtao/gamsmodel/supply_chain/data_p.csv
 185  product1,green,8
 186  product1,semi_green,4
 187   
 188   
 190  /
 191   
 192   pp(i) 'volume of a unit of product i (m3)'
 193   /
INCLUDE    /Users/renhongtao/gamsmodel/supply_chain/data_pp.csv
 196  product1,6
 197  product2,2
 198   
 199   
 201  /
 202   
 203   alpha(r,i) 'amount of raw material r required in production of a unit of product i (kg)'
 204   /
INCLUDE    /Users/renhongtao/gamsmodel/supply_chain/data_alpha.csv
 207  r1,product1,4
 208  r2,product1,12
 209   
 210   
 212  /
 213   
 214   c(m,h,u) 'production capacity (time) in plant m with technology h and capacity u (h)'
 215   /
INCLUDE    /Users/renhongtao/gamsmodel/supply_chain/data_c.csv
 218  New_South_Wales,green,small,4
 219  New_South_Wales,semi_green,small,12
 220   
 221   
 223  /
 224   
 225   cc(w,v) 'holding capacity in warehouse w with capacity level v (m3)'
 226   /
INCLUDE    /Users/renhongtao/gamsmodel/supply_chain/data_cc.csv
 229  New_South_Wales,small,4
 230  New_South_Wales,large,12
 231   
 232   
 234  /
 235   
 236   ccc(r,n) 'raw material capacity for raw material r in supplier n (kg)'
 237   /
INCLUDE    /Users/renhongtao/gamsmodel/supply_chain/data_ccc.csv
 240  r1,Queensland,4
 241  r1,South_Australia,12
 242   
 243   
 245  /
 246   
 247   lb(m,w,k) 'minimium allowed transportation from plant m to warehouse w through mode k (m3)'
GAMS 24.9.2  r64480 Released Nov 14, 2017 DEX-DEG x86 64bit/Mac OS X                                                                                                                                                                   05/15/18 14:52:44 Page 5
green supply chain, from the paper Green supply chain network design with stochastic demand and carbon price.
C o m p i l a t i o n


 248   /
INCLUDE    /Users/renhongtao/gamsmodel/supply_chain/data_lb.csv
 251  Victoria,Queensland,water_carriage,5
 252   
 254  /
 255   
 256   lbb(w,j,k) 'minimium allowed transportation from warehouse w to end-user j through mode k (m3)'
 257   /
INCLUDE    /Users/renhongtao/gamsmodel/supply_chain/data_lbb.csv
 260  Victoria,Queensland,water_carriage,5
 261   
 262   
 264  /
 265   
 266   lbbb(m,j,k) 'minimium allowed transportation from plant m to end-user j through mode k (m3)'
 267   /
INCLUDE    /Users/renhongtao/gamsmodel/supply_chain/data_lbbb.csv
 270  Victoria,Queensland,water_carriage,5
 271   
 272   
 274  /
 275   
 276   
 277   
 278   ub(m,w,k) 'Maximum allowed transportation from plant m to warehouse w through mode k (m3)'
 279   /
INCLUDE    /Users/renhongtao/gamsmodel/supply_chain/data_ub.csv
 282  Victoria,Queensland,water_carriage,15
 283   
 285  /
 286   
 287   ubb(w,j,k) 'Maximum allowed transportation from warehouse w to end-user j through mode k (m3)'
 288   /
INCLUDE    /Users/renhongtao/gamsmodel/supply_chain/data_ubb.csv
 291  Victoria,Queensland,water_carriage,15
 292   
 293   
 295  /
 296   
 297   ubbb(m,j,k) 'Maximum allowed transportation from plant m to end-user j through mode k (m3)'
 298   /
INCLUDE    /Users/renhongtao/gamsmodel/supply_chain/data_ubbb.csv
 301  Victoria,Queensland,water_carriage,15
 302   
 303   
 305  /
 306   
 307   em(i,m,h) 'estimated carbon emissions to produce a unit of product i with technology h in plant m (ton)'
 308   /
INCLUDE    /Users/renhongtao/gamsmodel/supply_chain/data_em.csv
 311  product1,New_South_Wales,green,5
 312   
 313   
GAMS 24.9.2  r64480 Released Nov 14, 2017 DEX-DEG x86 64bit/Mac OS X                                                                                                                                                                   05/15/18 14:52:44 Page 6
green supply chain, from the paper Green supply chain network design with stochastic demand and carbon price.
C o m p i l a t i o n


 315  /
 316   
 317   et(i,m,w,k) 'estimated carbon emissions for shipping a unit of product i from plant m to warehouse w through mode k (ton)'
 318   /
INCLUDE    /Users/renhongtao/gamsmodel/supply_chain/data_et.csv
 321  product1,New_South_Wales,Victoria,water_carriage,8
 322   
 324  /
 325   
 326   
 327   ett(i,w,j,k) 'estimated carbon emissions for shipping a unit of product i from warehouse w  to end-user j through mode k (ton)'
 328   /
INCLUDE    /Users/renhongtao/gamsmodel/supply_chain/data_ett.csv
 331  product1,New_South_Wales,Victoria,water_carriage,8
 332   
 334  /
 335   
 336   
 337   
 338   ettt(i,m,j,k) 'estimated carbon emissions for shipping a unit of product i from plant m to end-user j through mode k (ton)'
 339   /
INCLUDE    /Users/renhongtao/gamsmodel/supply_chain/data_ettt.csv
 342  product1,New_South_Wales,Victoria,water_carriage,8
 343   
 345  /
 346   
 347   
 348   l_t(m,h) ' Conversion Parameter of fixed costs of establishing plant m with technology h into annual equivalent'
 349   /
INCLUDE    /Users/renhongtao/gamsmodel/supply_chain/data_lt.csv
 352  New_South_Wales,green,10
 353   
 355  /
 356   
 357   ltt(w) ' Conversion Parameter of fixed costs of establishing warehouse w into annual equivalent'
 358   /
INCLUDE    /Users/renhongtao/gamsmodel/supply_chain/data_ltt.csv
 361  Victoria,8
 362   
 364  /
 365   
 366   pc(i,j) 'penalty  cost for shortage of a unit of product i in end-user j'
 367   /
INCLUDE    /Users/renhongtao/gamsmodel/supply_chain/data_pc.csv
 370  product1,New_South_Wales,8
 371   
 373  /
 374   
 375   ps(s) 'probability of scenario s'
 376   /
INCLUDE    /Users/renhongtao/gamsmodel/supply_chain/data_ps.csv
 379  s1,0.0417
 380  s2,0.0417
GAMS 24.9.2  r64480 Released Nov 14, 2017 DEX-DEG x86 64bit/Mac OS X                                                                                                                                                                   05/15/18 14:52:44 Page 7
green supply chain, from the paper Green supply chain network design with stochastic demand and carbon price.
C o m p i l a t i o n


 381  s3,0.0417
 382  s4,0.0417
 383  s5,0.0417
 384  s6,0.0417
 385  s7,0.0417
 386  s8,0.0417
 387  s9,0.0417
 388  s10,0.0417
 389  s11,0.0417
 390  s12,0.0417
 391  s13,0.0417
 392  s14,0.0417
 393  s15,0.0417
 394  s16,0.0417
 395  s17,0.0417
 396  s18,0.0417
 397  s19,0.0417
 398  s20,0.0417
 399  s21,0.0417
 400  s22,0.0417
 401  s23,0.0417
 402  s24,0.0409
 403   
 405  /
 406  ;
 407   
 408  variable
 409   
 410  VQ(i,m,h,s) 'amount of product i produced in plant m with technology h in scenario s'
 411   
 412  VR(r,n,m,s) 'amount of raw material r shipped from supplier n to plant m in scenario s'
 413   
 414  VL(i,m,w,k,s) 'amount of product i shipped from plant m to warehouse w through technology k in scenario s'
 415   
 416  VLL(i,w,j,k,s) 'amount of product i shipped from warehouse w through technology k in scenario s'
 417   
 418  VLLL(i,m,j,k,s) 'amount of product i shipped from plant m to end-user j through technology k in scenario s'
 419   
 420  VO(i,j,s) 'amount of shortage for product i in end-user j in scenario s'
 421   
 422  VE(s) 'Net number of carbon credits traded in scenario s'
 423   
 424  ;
 425   
 426  positive variable
 427  VQ
 428  VR
 429  VL
 430  VLL
 431  VLLL
 432  ;
 433   
 434   
GAMS 24.9.2  r64480 Released Nov 14, 2017 DEX-DEG x86 64bit/Mac OS X                                                                                                                                                                   05/15/18 14:52:44 Page 8
green supply chain, from the paper Green supply chain network design with stochastic demand and carbon price.
C o m p i l a t i o n


 435  binary variable
 436   
 437  VF(m,h,u) '1 if manufacturing plant m with technology h anf capacity u is estimated 0 otherwise'
 438   
 439  VFF(w,v) '1 if warehouse w with capacity level v is estimated, 0 otherwise'
 440   
 441  VFFF(n) '1 if supplier n is selected, 0 otherwise'
 442   
 443  VG(m,w,k,s) '1 if there is a flow between plant m and warehouse w through mode k in scenario s , 0 otherwise'
 444   
 445  VGG(w,j,k,s) '1 if there is a flow between warehouse w and end-user j through mode k in scenario s, 0 otherwise'
 446   
 447  VGGG(m,j,k,s) '1 if there is a flow between palnt m and end-user j through mode k in scenario s, 0 otherwise'
 448   
 449  ;
 450   
 451  variable
 452   
 453  z 'overall SCND costs at strategic and tactical level'
 454   
 455  ;
 456   
 457  equation
 458   
 459  cost 'objective function'
 460   
 461  row1 '(8) enforces the budget limitation for the establishment of manufacturing plants and warehouses'
 462   
 463  row2(m) '(9) ensure that no more than one facility can be established in each candidate location'
 464   
 465  row3(w) '(10) ensure that no more than one facility can be established in each candidate location'
 466   
 467  row4(s) '(11) carbon credit limitation at each scenario by substracting the production and transport emissions from regular cap.'
 468   
 469  row5(m,h,s) '(12) enforce the capacity limitation of the manufacturing plants'
 470   
 471  row6(w,s) '(13) enforce the capacity limitation of the warehouse'
 472   
 473  row7(r,n,s) '(14) formulates the limitation in raw material provision by suppliers'
 474   
 475  row8(r,m,s) '(15) guarantees the fulfillment of raw material requirement in the manufacturing plants'
 476   
 477  row9(i,m,s) '(16) enforce the flow balance in manufacturing plant'
 478   
 479  row10(i,w,s) '(17) enforce the flow balance in warehouse'
 480   
 481  row11(i,j,s) '(18) enforce the flow balance in end-user'
 482   
 483  row12(m,w,k,s) '(19)  impose the product flow limitations between different supply chain participants'
 484   
 485  row13(m,w,k,s) '(19)  impose the product flow limitations between different supply chain participants1'
 486   
 487  row14(w,j,k,s) '(20) mpose the product flow limitations between different supply chain participants'
GAMS 24.9.2  r64480 Released Nov 14, 2017 DEX-DEG x86 64bit/Mac OS X                                                                                                                                                                   05/15/18 14:52:44 Page 9
green supply chain, from the paper Green supply chain network design with stochastic demand and carbon price.
C o m p i l a t i o n


 488   
 489  row15(w,j,k,s) '(20) mpose the product flow limitations between different supply chain participants1'
 490   
 491  row16(m,j,k,s) '(21) mpose the product flow limitations between different supply chain participants'
 492   
 493  row17(m,j,k,s) '(21) mpose the product flow limitations between different supply chain participants1'
 494   
 495  ;
 496   
 497  cost .. z =e=   sum((m,h,u),l_t(m,h)*f(m,h,u)*VF(m,h,u))
 498                + sum((w,v),ltt(w)*ff(w,v)*VFF(w,v))
 499                + sum(n,fff(n)*VFFF(n))
 500                + sum(s,ps(s)*sum((i,m,w,k),ct(i,m,w,k)*VL(i,m,w,k,s)))
 501                + sum(s,ps(s)*sum((i,w,j,k),ctt(i,w,j,k)*VLL(i,w,j,k,s)))
 502                + sum(s,ps(s)*sum((i,m,j,k),cttt(i,m,j,k)*VLLL(i,m,j,k,s)))
 503                + sum(s,ps(s)*sum((i,m,h),cm(i,m,h)*VQ(i,m,h,s)))
 504                + sum(s,ps(s)*sum((r,n,m),cs(r,n,m)*VR(r,n,m,s)))
 505                + sum(s,ps(s)*sum((i,j),pc(i,j)*VO(i,j,s)))
 506                + sum(s,ps(s)*pai(s)*VE(s))
 507                ;
 508   
 509  row1 .. sum((m,h,u),f(m,h,u)*VF(m,h,u)) + sum((w,v),ff(w,v)*VFF(w,v)) =l= b;
 510   
 511  row2(m) .. sum((h,u),VF(m,h,u)) =l= 1;
 512   
 513  row3(w) .. sum(v,VFF(w,v)) =l= 1;
 514   
 515  row4(s) .. sum((i,m,w,k),et(i,m,w,k)*VL(i,m,w,k,s))
 516             + sum((i,w,j,k),ett(i,w,j,k)*VLL(i,w,j,k,s))
 517             + sum((i,m,j,k),ettt(i,m,j,k)*VLLL(i,m,j,k,s))
 518             + sum((i,m,h),em(i,m,h)*VQ(i,m,h,s))
 519             -cap =e= VE(s);
 520   
 521  row5(m,h,s) .. sum(i,p(i,h)*VQ(i,m,h,s)) =l= sum(u,c(m,h,u)*VF(m,h,u));
 522   
 523  row6(w,s) .. sum((i,m,k),pp(i)*VL(i,m,w,k,s)) =l= sum(v,cc(w,v)*VFF(w,v));
 524   
 525  row7(r,n,s) .. sum(m,VR(r,n,m,s)) =l= ccc(r,n)*VFFF(n);
 526   
 527  row8(r,m,s) .. sum((i,h),alpha(r,i)*VQ(i,m,h,s)) =e= sum(n, VR(r,n,m,s));
 528   
 529  row9(i,m,s) .. sum(h, VQ(i,m,h,s))  =e= sum((w,k),VL(i,m,w,k,s)) + sum((j,k),VLLL(i,m,j,k,s));
 530   
 531  row10(i,w,s) .. sum((m,k),VL(i,m,w,k,s)) =e= sum((j,k),VLL(i,w,j,k,s));
 532   
 533  row11(i,j,s) .. sum((w,k),VLL(i,w,j,k,s)) + sum((m,k),VLLL(i,m,j,k,s)) + VO(i,j,s) =e= d(i,j,s);
 534   
 535  row12(m,w,k,s) .. lb(m,w,k)*VG(m,w,k,s) =l= sum(i,pp(i)*VL(i,m,w,k,s));
 536   
 537  row13(m,w,k,s) ..   sum(i,pp(i)*VL(i,m,w,k,s)) =l= ub(m,w,k) * VG(m,w,k,s);
 538   
 539  row14(w,j,k,s) .. lbb(w,j,k)*VGG(w,j,k,s) =l= sum(i,pp(i)*VLL(i,w,j,k,s));
 540   
GAMS 24.9.2  r64480 Released Nov 14, 2017 DEX-DEG x86 64bit/Mac OS X                                                                                                                                                                  05/15/18 14:52:44 Page 10
green supply chain, from the paper Green supply chain network design with stochastic demand and carbon price.
C o m p i l a t i o n


 541  row15(w,j,k,s) ..  sum(i,pp(i)*VLL(i,w,j,k,s)) =l= ubb(w,j,k)*VGG(w,j,k,s);
 542   
 543  row16(m,j,k,s) ..  lbbb(m,j,k)*VGGG(m,j,k,s) =l= sum(i,pp(i)*VLLL(i,m,j,k,s));
 544   
 545  row17(m,j,k,s) ..  sum(i,pp(i)*VLLL(i,m,j,k,s)) =l= ubbb(m,j,k)*VGGG(m,j,k,s);
 546   
 547   
 548  Model supplychain / all /;
 549   
 550  solve supplychain using MIP minimizing z;
GAMS 24.9.2  r64480 Released Nov 14, 2017 DEX-DEG x86 64bit/Mac OS X                                                                                                                                                                  05/15/18 14:52:44 Page 11
green supply chain, from the paper Green supply chain network design with stochastic demand and carbon price.
Include File Summary


   SEQ   GLOBAL TYPE      PARENT   LOCAL  FILENAME

     1        1 INPUT          0       0  /Users/renhongtao/gamsmodel/supply_chain/supplychain.gms
     2       66 INCLUDE        1      66  ./Users/renhongtao/gamsmodel/supply_chain/data_pai.csv
     3       97 INCLUDE        1      73  ./Users/renhongtao/gamsmodel/supply_chain/data_d.csv
     4      106 INCLUDE        1      80  ./Users/renhongtao/gamsmodel/supply_chain/data_f.csv
     5      115 INCLUDE        1      87  ./Users/renhongtao/gamsmodel/supply_chain/data_ff.csv
     6      123 INCLUDE        1      93  ./Users/renhongtao/gamsmodel/supply_chain/data_fff.csv
     7      133 INCLUDE        1     100  ./Users/renhongtao/gamsmodel/supply_chain/data_cm.csv
     8      145 INCLUDE        1     107  ./Users/renhongtao/gamsmodel/supply_chain/data_cs.csv
     9      155 INCLUDE        1     114  ./Users/renhongtao/gamsmodel/supply_chain/data_ct.csv
    10      164 INCLUDE        1     120  ./Users/renhongtao/gamsmodel/supply_chain/data_ctt.csv
    11      174 INCLUDE        1     127  ./Users/renhongtao/gamsmodel/supply_chain/data_cttt.csv
    12      184 INCLUDE        1     134  ./Users/renhongtao/gamsmodel/supply_chain/data_p.csv
    13      195 INCLUDE        1     141  ./Users/renhongtao/gamsmodel/supply_chain/data_pp.csv
    14      206 INCLUDE        1     148  ./Users/renhongtao/gamsmodel/supply_chain/data_alpha.csv
    15      217 INCLUDE        1     155  ./Users/renhongtao/gamsmodel/supply_chain/data_c.csv
    16      228 INCLUDE        1     162  ./Users/renhongtao/gamsmodel/supply_chain/data_cc.csv
    17      239 INCLUDE        1     169  ./Users/renhongtao/gamsmodel/supply_chain/data_ccc.csv
    18      250 INCLUDE        1     176  ./Users/renhongtao/gamsmodel/supply_chain/data_lb.csv
    19      259 INCLUDE        1     183  ./Users/renhongtao/gamsmodel/supply_chain/data_lbb.csv
    20      269 INCLUDE        1     190  ./Users/renhongtao/gamsmodel/supply_chain/data_lbbb.csv
    21      281 INCLUDE        1     199  ./Users/renhongtao/gamsmodel/supply_chain/data_ub.csv
    22      290 INCLUDE        1     206  ./Users/renhongtao/gamsmodel/supply_chain/data_ubb.csv
    23      300 INCLUDE        1     213  ./Users/renhongtao/gamsmodel/supply_chain/data_ubbb.csv
    24      310 INCLUDE        1     220  ./Users/renhongtao/gamsmodel/supply_chain/data_em.csv
    25      320 INCLUDE        1     227  ./Users/renhongtao/gamsmodel/supply_chain/data_et.csv
    26      330 INCLUDE        1     235  ./Users/renhongtao/gamsmodel/supply_chain/data_ett.csv
    27      341 INCLUDE        1     244  ./Users/renhongtao/gamsmodel/supply_chain/data_ettt.csv
    28      351 INCLUDE        1     252  ./Users/renhongtao/gamsmodel/supply_chain/data_lt.csv
    29      360 INCLUDE        1     259  ./Users/renhongtao/gamsmodel/supply_chain/data_ltt.csv
    30      369 INCLUDE        1     266  ./Users/renhongtao/gamsmodel/supply_chain/data_pc.csv
    31      378 INCLUDE        1     273  ./Users/renhongtao/gamsmodel/supply_chain/data_ps.csv


COMPILATION TIME     =        0.005 SECONDS      3 MB  24.9.2 r64480 DEX-DEG
GAMS 24.9.2  r64480 Released Nov 14, 2017 DEX-DEG x86 64bit/Mac OS X                                                                                                                                                                  05/15/18 14:52:44 Page 12
green supply chain, from the paper Green supply chain network design with stochastic demand and carbon price.
Equation Listing    SOLVE supplychain Using MIP From line 550


---- cost  =E=  objective function

cost..  - 50.04*VQ(product1,New_South_Wales,green,s1) - 50.04*VQ(product1,New_South_Wales,green,s2) - 50.04*VQ(product1,New_South_Wales,green,s3) - 50.04*VQ(product1,New_South_Wales,green,s4) - 50.04*VQ(product1,New_South_Wales,green,s5)
     
      - 50.04*VQ(product1,New_South_Wales,green,s6) - 50.04*VQ(product1,New_South_Wales,green,s7) - 50.04*VQ(product1,New_South_Wales,green,s8) - 50.04*VQ(product1,New_South_Wales,green,s9) - 50.04*VQ(product1,New_South_Wales,green,s10)
     
      - 50.04*VQ(product1,New_South_Wales,green,s11) - 50.04*VQ(product1,New_South_Wales,green,s12) - 50.04*VQ(product1,New_South_Wales,green,s13) - 50.04*VQ(product1,New_South_Wales,green,s14) - 50.04*VQ(product1,New_South_Wales,green,s15)
     
      - 50.04*VQ(product1,New_South_Wales,green,s16) - 50.04*VQ(product1,New_South_Wales,green,s17) - 50.04*VQ(product1,New_South_Wales,green,s18) - 50.04*VQ(product1,New_South_Wales,green,s19) - 50.04*VQ(product1,New_South_Wales,green,s20)
     
      - 50.04*VQ(product1,New_South_Wales,green,s21) - 50.04*VQ(product1,New_South_Wales,green,s22) - 50.04*VQ(product1,New_South_Wales,green,s23) - 49.08*VQ(product1,New_South_Wales,green,s24) - 33.36*VQ(product1,New_South_Wales,semi_green,s1)
     
      - 33.36*VQ(product1,New_South_Wales,semi_green,s2) - 33.36*VQ(product1,New_South_Wales,semi_green,s3) - 33.36*VQ(product1,New_South_Wales,semi_green,s4) - 33.36*VQ(product1,New_South_Wales,semi_green,s5)
     
      - 33.36*VQ(product1,New_South_Wales,semi_green,s6) - 33.36*VQ(product1,New_South_Wales,semi_green,s7) - 33.36*VQ(product1,New_South_Wales,semi_green,s8) - 33.36*VQ(product1,New_South_Wales,semi_green,s9)
     
      - 33.36*VQ(product1,New_South_Wales,semi_green,s10) - 33.36*VQ(product1,New_South_Wales,semi_green,s11) - 33.36*VQ(product1,New_South_Wales,semi_green,s12) - 33.36*VQ(product1,New_South_Wales,semi_green,s13)
     
      - 33.36*VQ(product1,New_South_Wales,semi_green,s14) - 33.36*VQ(product1,New_South_Wales,semi_green,s15) - 33.36*VQ(product1,New_South_Wales,semi_green,s16) - 33.36*VQ(product1,New_South_Wales,semi_green,s17)
     
      - 33.36*VQ(product1,New_South_Wales,semi_green,s18) - 33.36*VQ(product1,New_South_Wales,semi_green,s19) - 33.36*VQ(product1,New_South_Wales,semi_green,s20) - 33.36*VQ(product1,New_South_Wales,semi_green,s21)
     
      - 33.36*VQ(product1,New_South_Wales,semi_green,s22) - 33.36*VQ(product1,New_South_Wales,semi_green,s23) - 32.72*VQ(product1,New_South_Wales,semi_green,s24) - 8.34*VQ(product1,New_South_Wales,pollutant,s1)
     
      - 8.34*VQ(product1,New_South_Wales,pollutant,s2) - 8.34*VQ(product1,New_South_Wales,pollutant,s3) - 8.34*VQ(product1,New_South_Wales,pollutant,s4) - 8.34*VQ(product1,New_South_Wales,pollutant,s5) - 8.34*VQ(product1,New_South_Wales,pollutant,s6)
     
      - 8.34*VQ(product1,New_South_Wales,pollutant,s7) - 8.34*VQ(product1,New_South_Wales,pollutant,s8) - 8.34*VQ(product1,New_South_Wales,pollutant,s9) - 8.34*VQ(product1,New_South_Wales,pollutant,s10) - 8.34*VQ(product1,New_South_Wales,pollutant,s11)
     
      - 8.34*VQ(product1,New_South_Wales,pollutant,s12) - 8.34*VQ(product1,New_South_Wales,pollutant,s13) - 8.34*VQ(product1,New_South_Wales,pollutant,s14) - 8.34*VQ(product1,New_South_Wales,pollutant,s15) - 8.34*VQ(product1,New_South_Wales,pollutant,s16)
     
      - 8.34*VQ(product1,New_South_Wales,pollutant,s17) - 8.34*VQ(product1,New_South_Wales,pollutant,s18) - 8.34*VQ(product1,New_South_Wales,pollutant,s19) - 8.34*VQ(product1,New_South_Wales,pollutant,s20) - 8.34*VQ(product1,New_South_Wales,pollutant,s21)
     
      - 8.34*VQ(product1,New_South_Wales,pollutant,s22) - 8.34*VQ(product1,New_South_Wales,pollutant,s23) - 8.18*VQ(product1,New_South_Wales,pollutant,s24) - 0.018765*VR(r1,Queensland,New_South_Wales,s1) - 0.018765*VR(r1,Queensland,New_South_Wales,s2)
     
      - 0.018765*VR(r1,Queensland,New_South_Wales,s3) - 0.018765*VR(r1,Queensland,New_South_Wales,s4) - 0.018765*VR(r1,Queensland,New_South_Wales,s5) - 0.018765*VR(r1,Queensland,New_South_Wales,s6) - 0.018765*VR(r1,Queensland,New_South_Wales,s7)
     
      - 0.018765*VR(r1,Queensland,New_South_Wales,s8) - 0.018765*VR(r1,Queensland,New_South_Wales,s9) - 0.018765*VR(r1,Queensland,New_South_Wales,s10) - 0.018765*VR(r1,Queensland,New_South_Wales,s11) - 0.018765*VR(r1,Queensland,New_South_Wales,s12)
     
      - 0.018765*VR(r1,Queensland,New_South_Wales,s13) - 0.018765*VR(r1,Queensland,New_South_Wales,s14) - 0.018765*VR(r1,Queensland,New_South_Wales,s15) - 0.018765*VR(r1,Queensland,New_South_Wales,s16) - 0.018765*VR(r1,Queensland,New_South_Wales,s17)
     
      - 0.018765*VR(r1,Queensland,New_South_Wales,s18) - 0.018765*VR(r1,Queensland,New_South_Wales,s19) - 0.018765*VR(r1,Queensland,New_South_Wales,s20) - 0.018765*VR(r1,Queensland,New_South_Wales,s21) - 0.018765*VR(r1,Queensland,New_South_Wales,s22)
     
      - 0.018765*VR(r1,Queensland,New_South_Wales,s23) - 0.018405*VR(r1,Queensland,New_South_Wales,s24) - 0.07506*VL(product1,New_South_Wales,Victoria,water_carriage,s1) - 0.07506*VL(product1,New_South_Wales,Victoria,water_carriage,s2)
     
      - 0.07506*VL(product1,New_South_Wales,Victoria,water_carriage,s3) - 0.07506*VL(product1,New_South_Wales,Victoria,water_carriage,s4) - 0.07506*VL(product1,New_South_Wales,Victoria,water_carriage,s5)
     
      - 0.07506*VL(product1,New_South_Wales,Victoria,water_carriage,s6) - 0.07506*VL(product1,New_South_Wales,Victoria,water_carriage,s7) - 0.07506*VL(product1,New_South_Wales,Victoria,water_carriage,s8)
     
      - 0.07506*VL(product1,New_South_Wales,Victoria,water_carriage,s9) - 0.07506*VL(product1,New_South_Wales,Victoria,water_carriage,s10) - 0.07506*VL(product1,New_South_Wales,Victoria,water_carriage,s11)
     
      - 0.07506*VL(product1,New_South_Wales,Victoria,water_carriage,s12) - 0.07506*VL(product1,New_South_Wales,Victoria,water_carriage,s13) - 0.07506*VL(product1,New_South_Wales,Victoria,water_carriage,s14)
     
      - 0.07506*VL(product1,New_South_Wales,Victoria,water_carriage,s15) - 0.07506*VL(product1,New_South_Wales,Victoria,water_carriage,s16) - 0.07506*VL(product1,New_South_Wales,Victoria,water_carriage,s17)
GAMS 24.9.2  r64480 Released Nov 14, 2017 DEX-DEG x86 64bit/Mac OS X                                                                                                                                                                  05/15/18 14:52:44 Page 13
green supply chain, from the paper Green supply chain network design with stochastic demand and carbon price.
Equation Listing    SOLVE supplychain Using MIP From line 550


     cost  =E=  objective function     
     
      - 0.07506*VL(product1,New_South_Wales,Victoria,water_carriage,s18) - 0.07506*VL(product1,New_South_Wales,Victoria,water_carriage,s19) - 0.07506*VL(product1,New_South_Wales,Victoria,water_carriage,s20)
     
      - 0.07506*VL(product1,New_South_Wales,Victoria,water_carriage,s21) - 0.07506*VL(product1,New_South_Wales,Victoria,water_carriage,s22) - 0.07506*VL(product1,New_South_Wales,Victoria,water_carriage,s23)
     
      - 0.07362*VL(product1,New_South_Wales,Victoria,water_carriage,s24) - 0.03336*VLL(product1,Victoria,New_South_Wales,water_carriage,s1) - 0.03336*VLL(product1,Victoria,New_South_Wales,water_carriage,s2)
     
      - 0.03336*VLL(product1,Victoria,New_South_Wales,water_carriage,s3) - 0.03336*VLL(product1,Victoria,New_South_Wales,water_carriage,s4) - 0.03336*VLL(product1,Victoria,New_South_Wales,water_carriage,s5)
     
      - 0.03336*VLL(product1,Victoria,New_South_Wales,water_carriage,s6) - 0.03336*VLL(product1,Victoria,New_South_Wales,water_carriage,s7) - 0.03336*VLL(product1,Victoria,New_South_Wales,water_carriage,s8)
     
      - 0.03336*VLL(product1,Victoria,New_South_Wales,water_carriage,s9) - 0.03336*VLL(product1,Victoria,New_South_Wales,water_carriage,s10) - 0.03336*VLL(product1,Victoria,New_South_Wales,water_carriage,s11)
     
      - 0.03336*VLL(product1,Victoria,New_South_Wales,water_carriage,s12) - 0.03336*VLL(product1,Victoria,New_South_Wales,water_carriage,s13) - 0.03336*VLL(product1,Victoria,New_South_Wales,water_carriage,s14)
     
      - 0.03336*VLL(product1,Victoria,New_South_Wales,water_carriage,s15) - 0.03336*VLL(product1,Victoria,New_South_Wales,water_carriage,s16) - 0.03336*VLL(product1,Victoria,New_South_Wales,water_carriage,s17)
     
      - 0.03336*VLL(product1,Victoria,New_South_Wales,water_carriage,s18) - 0.03336*VLL(product1,Victoria,New_South_Wales,water_carriage,s19) - 0.03336*VLL(product1,Victoria,New_South_Wales,water_carriage,s20)
     
      - 0.03336*VLL(product1,Victoria,New_South_Wales,water_carriage,s21) - 0.03336*VLL(product1,Victoria,New_South_Wales,water_carriage,s22) - 0.03336*VLL(product1,Victoria,New_South_Wales,water_carriage,s23)
     
      - 0.03272*VLL(product1,Victoria,New_South_Wales,water_carriage,s24) - 0.5421*VLLL(product1,New_South_Wales,New_South_Wales,water_carriage,s1) - 0.5421*VLLL(product1,New_South_Wales,New_South_Wales,water_carriage,s2)
     
      - 0.5421*VLLL(product1,New_South_Wales,New_South_Wales,water_carriage,s3) - 0.5421*VLLL(product1,New_South_Wales,New_South_Wales,water_carriage,s4) - 0.5421*VLLL(product1,New_South_Wales,New_South_Wales,water_carriage,s5)
     
      - 0.5421*VLLL(product1,New_South_Wales,New_South_Wales,water_carriage,s6) - 0.5421*VLLL(product1,New_South_Wales,New_South_Wales,water_carriage,s7) - 0.5421*VLLL(product1,New_South_Wales,New_South_Wales,water_carriage,s8)
     
      - 0.5421*VLLL(product1,New_South_Wales,New_South_Wales,water_carriage,s9) - 0.5421*VLLL(product1,New_South_Wales,New_South_Wales,water_carriage,s10) - 0.5421*VLLL(product1,New_South_Wales,New_South_Wales,water_carriage,s11)
     
      - 0.5421*VLLL(product1,New_South_Wales,New_South_Wales,water_carriage,s12) - 0.5421*VLLL(product1,New_South_Wales,New_South_Wales,water_carriage,s13) - 0.5421*VLLL(product1,New_South_Wales,New_South_Wales,water_carriage,s14)
     
      - 0.5421*VLLL(product1,New_South_Wales,New_South_Wales,water_carriage,s15) - 0.5421*VLLL(product1,New_South_Wales,New_South_Wales,water_carriage,s16) - 0.5421*VLLL(product1,New_South_Wales,New_South_Wales,water_carriage,s17)
     
      - 0.5421*VLLL(product1,New_South_Wales,New_South_Wales,water_carriage,s18) - 0.5421*VLLL(product1,New_South_Wales,New_South_Wales,water_carriage,s19) - 0.5421*VLLL(product1,New_South_Wales,New_South_Wales,water_carriage,s20)
     
      - 0.5421*VLLL(product1,New_South_Wales,New_South_Wales,water_carriage,s21) - 0.5421*VLLL(product1,New_South_Wales,New_South_Wales,water_carriage,s22) - 0.5421*VLLL(product1,New_South_Wales,New_South_Wales,water_carriage,s23)
     
      - 0.5317*VLLL(product1,New_South_Wales,New_South_Wales,water_carriage,s24) - 0.3336*VO(product1,New_South_Wales,s1) - 0.3336*VO(product1,New_South_Wales,s2) - 0.3336*VO(product1,New_South_Wales,s3) - 0.3336*VO(product1,New_South_Wales,s4)
     
      - 0.3336*VO(product1,New_South_Wales,s5) - 0.3336*VO(product1,New_South_Wales,s6) - 0.3336*VO(product1,New_South_Wales,s7) - 0.3336*VO(product1,New_South_Wales,s8) - 0.3336*VO(product1,New_South_Wales,s9) - 0.3336*VO(product1,New_South_Wales,s10)
     
      - 0.3336*VO(product1,New_South_Wales,s11) - 0.3336*VO(product1,New_South_Wales,s12) - 0.3336*VO(product1,New_South_Wales,s13) - 0.3336*VO(product1,New_South_Wales,s14) - 0.3336*VO(product1,New_South_Wales,s15)
     
      - 0.3336*VO(product1,New_South_Wales,s16) - 0.3336*VO(product1,New_South_Wales,s17) - 0.3336*VO(product1,New_South_Wales,s18) - 0.3336*VO(product1,New_South_Wales,s19) - 0.3336*VO(product1,New_South_Wales,s20)
     
      - 0.3336*VO(product1,New_South_Wales,s21) - 0.3336*VO(product1,New_South_Wales,s22) - 0.3336*VO(product1,New_South_Wales,s23) - 0.3272*VO(product1,New_South_Wales,s24) - 25.02*VE(s1) - 12.51*VE(s2) - 25.02*VE(s4) - 12.51*VE(s5) - 25.02*VE(s7)
     
      - 12.51*VE(s8) - 25.02*VE(s10) - 12.51*VE(s11) - 25.02*VE(s13) - 12.51*VE(s14) - 25.02*VE(s16) - 12.51*VE(s17) - 25.02*VE(s19) - 12.51*VE(s20) - 25.02*VE(s22) - 12.51*VE(s23) - 6000*VF(New_South_Wales,green,small)
     
      - 12000*VF(New_South_Wales,green,medium) - 9600*VFF(Victoria,large) - 1200*VFFF(Queensland) - 600*VFFF(South_Australia) - 200*VFFF(Western_Australia) + z =E= 0 ; (LHS = 0)
     
GAMS 24.9.2  r64480 Released Nov 14, 2017 DEX-DEG x86 64bit/Mac OS X                                                                                                                                                                  05/15/18 14:52:44 Page 14
green supply chain, from the paper Green supply chain network design with stochastic demand and carbon price.
Equation Listing    SOLVE supplychain Using MIP From line 550


---- row1  =L=  (8) enforces the budget limitation for the establishment of manufacturing plants and warehouses

row1..  600*VF(New_South_Wales,green,small) + 1200*VF(New_South_Wales,green,medium) + 600*VFF(Queensland,small) + 1200*VFF(Victoria,large) =L= 30000000 ; (LHS = 0)
     

---- row2  =L=  (9) ensure that no more than one facility can be established in each candidate location

row2(Queensland)..  VF(Queensland,green,small) + VF(Queensland,green,medium) + VF(Queensland,green,large) + VF(Queensland,semi_green,small) + VF(Queensland,semi_green,medium) + VF(Queensland,semi_green,large) + VF(Queensland,pollutant,small)
     
      + VF(Queensland,pollutant,medium) + VF(Queensland,pollutant,large) =L= 1 ; (LHS = 0)
     
row2(South_Australia)..  VF(South_Australia,green,small) + VF(South_Australia,green,medium) + VF(South_Australia,green,large) + VF(South_Australia,semi_green,small) + VF(South_Australia,semi_green,medium) + VF(South_Australia,semi_green,large)
     
      + VF(South_Australia,pollutant,small) + VF(South_Australia,pollutant,medium) + VF(South_Australia,pollutant,large) =L= 1 ; (LHS = 0)
     
row2(Western_Australia)..  VF(Western_Australia,green,small) + VF(Western_Australia,green,medium) + VF(Western_Australia,green,large) + VF(Western_Australia,semi_green,small) + VF(Western_Australia,semi_green,medium)
     
      + VF(Western_Australia,semi_green,large) + VF(Western_Australia,pollutant,small) + VF(Western_Australia,pollutant,medium) + VF(Western_Australia,pollutant,large) =L= 1 ; (LHS = 0)
     
REMAINING 2 ENTRIES SKIPPED


---- row3  =L=  (10) ensure that no more than one facility can be established in each candidate location

row3(Queensland)..  VFF(Queensland,small) + VFF(Queensland,large) =L= 1 ; (LHS = 0)
     
row3(South_Australia)..  VFF(South_Australia,small) + VFF(South_Australia,large) =L= 1 ; (LHS = 0)
     
row3(Western_Australia)..  VFF(Western_Australia,small) + VFF(Western_Australia,large) =L= 1 ; (LHS = 0)
     
REMAINING 2 ENTRIES SKIPPED


---- row4  =E=  (11) carbon credit limitation at each scenario by substracting the production and transport emissions from regular cap.

row4(s1)..  5*VQ(product1,New_South_Wales,green,s1) + 8*VL(product1,New_South_Wales,Victoria,water_carriage,s1) + 8*VLL(product1,New_South_Wales,Victoria,water_carriage,s1) + 8*VLLL(product1,New_South_Wales,Victoria,water_carriage,s1) - VE(s1) =E= 10000 ;
     
      (LHS = 0, INFES = 10000 ****)
     
row4(s2)..  5*VQ(product1,New_South_Wales,green,s2) + 8*VL(product1,New_South_Wales,Victoria,water_carriage,s2) + 8*VLL(product1,New_South_Wales,Victoria,water_carriage,s2) + 8*VLLL(product1,New_South_Wales,Victoria,water_carriage,s2) - VE(s2) =E= 10000 ;
     
      (LHS = 0, INFES = 10000 ****)
     
row4(s3)..  5*VQ(product1,New_South_Wales,green,s3) + 8*VL(product1,New_South_Wales,Victoria,water_carriage,s3) + 8*VLL(product1,New_South_Wales,Victoria,water_carriage,s3) + 8*VLLL(product1,New_South_Wales,Victoria,water_carriage,s3) - VE(s3) =E= 10000 ;
     
      (LHS = 0, INFES = 10000 ****)
     
REMAINING 21 ENTRIES SKIPPED

GAMS 24.9.2  r64480 Released Nov 14, 2017 DEX-DEG x86 64bit/Mac OS X                                                                                                                                                                  05/15/18 14:52:44 Page 15
green supply chain, from the paper Green supply chain network design with stochastic demand and carbon price.
Equation Listing    SOLVE supplychain Using MIP From line 550


---- row5  =L=  (12) enforce the capacity limitation of the manufacturing plants

row5(Queensland,green,s1)..  8*VQ(product1,Queensland,green,s1) =L= 0 ; (LHS = 0)
     
row5(Queensland,green,s2)..  8*VQ(product1,Queensland,green,s2) =L= 0 ; (LHS = 0)
     
row5(Queensland,green,s3)..  8*VQ(product1,Queensland,green,s3) =L= 0 ; (LHS = 0)
     
REMAINING 237 ENTRIES SKIPPED


---- row6  =L=  (13) enforce the capacity limitation of the warehouse

row6(Queensland,s1)..  6*VL(product1,Queensland,Queensland,water_carriage,s1) + 6*VL(product1,Queensland,Queensland,train,s1) + 6*VL(product1,Queensland,Queensland,airplane,s1) + 6*VL(product1,South_Australia,Queensland,water_carriage,s1)
     
      + 6*VL(product1,South_Australia,Queensland,train,s1) + 6*VL(product1,South_Australia,Queensland,airplane,s1) + 6*VL(product1,Western_Australia,Queensland,water_carriage,s1) + 6*VL(product1,Western_Australia,Queensland,train,s1)
     
      + 6*VL(product1,Western_Australia,Queensland,airplane,s1) + 6*VL(product1,New_South_Wales,Queensland,water_carriage,s1) + 6*VL(product1,New_South_Wales,Queensland,train,s1) + 6*VL(product1,New_South_Wales,Queensland,airplane,s1)
     
      + 6*VL(product1,Victoria,Queensland,water_carriage,s1) + 6*VL(product1,Victoria,Queensland,train,s1) + 6*VL(product1,Victoria,Queensland,airplane,s1) + 2*VL(product2,Queensland,Queensland,water_carriage,s1)
     
      + 2*VL(product2,Queensland,Queensland,train,s1) + 2*VL(product2,Queensland,Queensland,airplane,s1) + 2*VL(product2,South_Australia,Queensland,water_carriage,s1) + 2*VL(product2,South_Australia,Queensland,train,s1)
     
      + 2*VL(product2,South_Australia,Queensland,airplane,s1) + 2*VL(product2,Western_Australia,Queensland,water_carriage,s1) + 2*VL(product2,Western_Australia,Queensland,train,s1) + 2*VL(product2,Western_Australia,Queensland,airplane,s1)
     
      + 2*VL(product2,New_South_Wales,Queensland,water_carriage,s1) + 2*VL(product2,New_South_Wales,Queensland,train,s1) + 2*VL(product2,New_South_Wales,Queensland,airplane,s1) + 2*VL(product2,Victoria,Queensland,water_carriage,s1)
     
      + 2*VL(product2,Victoria,Queensland,train,s1) + 2*VL(product2,Victoria,Queensland,airplane,s1) =L= 0 ; (LHS = 0)
     
row6(Queensland,s2)..  6*VL(product1,Queensland,Queensland,water_carriage,s2) + 6*VL(product1,Queensland,Queensland,train,s2) + 6*VL(product1,Queensland,Queensland,airplane,s2) + 6*VL(product1,South_Australia,Queensland,water_carriage,s2)
     
      + 6*VL(product1,South_Australia,Queensland,train,s2) + 6*VL(product1,South_Australia,Queensland,airplane,s2) + 6*VL(product1,Western_Australia,Queensland,water_carriage,s2) + 6*VL(product1,Western_Australia,Queensland,train,s2)
     
      + 6*VL(product1,Western_Australia,Queensland,airplane,s2) + 6*VL(product1,New_South_Wales,Queensland,water_carriage,s2) + 6*VL(product1,New_South_Wales,Queensland,train,s2) + 6*VL(product1,New_South_Wales,Queensland,airplane,s2)
     
      + 6*VL(product1,Victoria,Queensland,water_carriage,s2) + 6*VL(product1,Victoria,Queensland,train,s2) + 6*VL(product1,Victoria,Queensland,airplane,s2) + 2*VL(product2,Queensland,Queensland,water_carriage,s2)
     
      + 2*VL(product2,Queensland,Queensland,train,s2) + 2*VL(product2,Queensland,Queensland,airplane,s2) + 2*VL(product2,South_Australia,Queensland,water_carriage,s2) + 2*VL(product2,South_Australia,Queensland,train,s2)
     
      + 2*VL(product2,South_Australia,Queensland,airplane,s2) + 2*VL(product2,Western_Australia,Queensland,water_carriage,s2) + 2*VL(product2,Western_Australia,Queensland,train,s2) + 2*VL(product2,Western_Australia,Queensland,airplane,s2)
     
      + 2*VL(product2,New_South_Wales,Queensland,water_carriage,s2) + 2*VL(product2,New_South_Wales,Queensland,train,s2) + 2*VL(product2,New_South_Wales,Queensland,airplane,s2) + 2*VL(product2,Victoria,Queensland,water_carriage,s2)
     
      + 2*VL(product2,Victoria,Queensland,train,s2) + 2*VL(product2,Victoria,Queensland,airplane,s2) =L= 0 ; (LHS = 0)
     
row6(Queensland,s3)..  6*VL(product1,Queensland,Queensland,water_carriage,s3) + 6*VL(product1,Queensland,Queensland,train,s3) + 6*VL(product1,Queensland,Queensland,airplane,s3) + 6*VL(product1,South_Australia,Queensland,water_carriage,s3)
     
      + 6*VL(product1,South_Australia,Queensland,train,s3) + 6*VL(product1,South_Australia,Queensland,airplane,s3) + 6*VL(product1,Western_Australia,Queensland,water_carriage,s3) + 6*VL(product1,Western_Australia,Queensland,train,s3)
     
      + 6*VL(product1,Western_Australia,Queensland,airplane,s3) + 6*VL(product1,New_South_Wales,Queensland,water_carriage,s3) + 6*VL(product1,New_South_Wales,Queensland,train,s3) + 6*VL(product1,New_South_Wales,Queensland,airplane,s3)
     
      + 6*VL(product1,Victoria,Queensland,water_carriage,s3) + 6*VL(product1,Victoria,Queensland,train,s3) + 6*VL(product1,Victoria,Queensland,airplane,s3) + 2*VL(product2,Queensland,Queensland,water_carriage,s3)
     
GAMS 24.9.2  r64480 Released Nov 14, 2017 DEX-DEG x86 64bit/Mac OS X                                                                                                                                                                  05/15/18 14:52:44 Page 16
green supply chain, from the paper Green supply chain network design with stochastic demand and carbon price.
Equation Listing    SOLVE supplychain Using MIP From line 550


     row6  =L=  (13) enforce the capacity limitation of the warehouse     
     
      + 2*VL(product2,Queensland,Queensland,train,s3) + 2*VL(product2,Queensland,Queensland,airplane,s3) + 2*VL(product2,South_Australia,Queensland,water_carriage,s3) + 2*VL(product2,South_Australia,Queensland,train,s3)
     
      + 2*VL(product2,South_Australia,Queensland,airplane,s3) + 2*VL(product2,Western_Australia,Queensland,water_carriage,s3) + 2*VL(product2,Western_Australia,Queensland,train,s3) + 2*VL(product2,Western_Australia,Queensland,airplane,s3)
     
      + 2*VL(product2,New_South_Wales,Queensland,water_carriage,s3) + 2*VL(product2,New_South_Wales,Queensland,train,s3) + 2*VL(product2,New_South_Wales,Queensland,airplane,s3) + 2*VL(product2,Victoria,Queensland,water_carriage,s3)
     
      + 2*VL(product2,Victoria,Queensland,train,s3) + 2*VL(product2,Victoria,Queensland,airplane,s3) =L= 0 ; (LHS = 0)
     
REMAINING 117 ENTRIES SKIPPED


---- row7  =L=  (14) formulates the limitation in raw material provision by suppliers

row7(r1,Queensland,s1)..  VR(r1,Queensland,Queensland,s1) + VR(r1,Queensland,South_Australia,s1) + VR(r1,Queensland,Western_Australia,s1) + VR(r1,Queensland,New_South_Wales,s1) + VR(r1,Queensland,Victoria,s1) - 4*VFFF(Queensland) =L= 0 ; (LHS = 0)
     
row7(r1,Queensland,s2)..  VR(r1,Queensland,Queensland,s2) + VR(r1,Queensland,South_Australia,s2) + VR(r1,Queensland,Western_Australia,s2) + VR(r1,Queensland,New_South_Wales,s2) + VR(r1,Queensland,Victoria,s2) - 4*VFFF(Queensland) =L= 0 ; (LHS = 0)
     
row7(r1,Queensland,s3)..  VR(r1,Queensland,Queensland,s3) + VR(r1,Queensland,South_Australia,s3) + VR(r1,Queensland,Western_Australia,s3) + VR(r1,Queensland,New_South_Wales,s3) + VR(r1,Queensland,Victoria,s3) - 4*VFFF(Queensland) =L= 0 ; (LHS = 0)
     
REMAINING 213 ENTRIES SKIPPED


---- row8  =E=  (15) guarantees the fulfillment of raw material requirement in the manufacturing plants

row8(r1,Queensland,s1)..  4*VQ(product1,Queensland,green,s1) + 4*VQ(product1,Queensland,semi_green,s1) + 4*VQ(product1,Queensland,pollutant,s1) - VR(r1,Queensland,Queensland,s1) - VR(r1,South_Australia,Queensland,s1)
     
      - VR(r1,Western_Australia,Queensland,s1) =E= 0 ; (LHS = 0)
     
row8(r1,Queensland,s2)..  4*VQ(product1,Queensland,green,s2) + 4*VQ(product1,Queensland,semi_green,s2) + 4*VQ(product1,Queensland,pollutant,s2) - VR(r1,Queensland,Queensland,s2) - VR(r1,South_Australia,Queensland,s2)
     
      - VR(r1,Western_Australia,Queensland,s2) =E= 0 ; (LHS = 0)
     
row8(r1,Queensland,s3)..  4*VQ(product1,Queensland,green,s3) + 4*VQ(product1,Queensland,semi_green,s3) + 4*VQ(product1,Queensland,pollutant,s3) - VR(r1,Queensland,Queensland,s3) - VR(r1,South_Australia,Queensland,s3)
     
      - VR(r1,Western_Australia,Queensland,s3) =E= 0 ; (LHS = 0)
     
REMAINING 357 ENTRIES SKIPPED


---- row9  =E=  (16) enforce the flow balance in manufacturing plant

row9(product1,Queensland,s1)..  VQ(product1,Queensland,green,s1) + VQ(product1,Queensland,semi_green,s1) + VQ(product1,Queensland,pollutant,s1) - VL(product1,Queensland,Queensland,water_carriage,s1) - VL(product1,Queensland,Queensland,train,s1)
     
      - VL(product1,Queensland,Queensland,airplane,s1) - VL(product1,Queensland,South_Australia,water_carriage,s1) - VL(product1,Queensland,South_Australia,train,s1) - VL(product1,Queensland,South_Australia,airplane,s1)
     
      - VL(product1,Queensland,Western_Australia,water_carriage,s1) - VL(product1,Queensland,Western_Australia,train,s1) - VL(product1,Queensland,Western_Australia,airplane,s1) - VL(product1,Queensland,New_South_Wales,water_carriage,s1)
     
      - VL(product1,Queensland,New_South_Wales,train,s1) - VL(product1,Queensland,New_South_Wales,airplane,s1) - VL(product1,Queensland,Victoria,water_carriage,s1) - VL(product1,Queensland,Victoria,train,s1) - VL(product1,Queensland,Victoria,airplane,s1)
     
      - VLLL(product1,Queensland,Queensland,water_carriage,s1) - VLLL(product1,Queensland,Queensland,train,s1) - VLLL(product1,Queensland,Queensland,airplane,s1) - VLLL(product1,Queensland,South_Australia,water_carriage,s1)
     
GAMS 24.9.2  r64480 Released Nov 14, 2017 DEX-DEG x86 64bit/Mac OS X                                                                                                                                                                  05/15/18 14:52:44 Page 17
green supply chain, from the paper Green supply chain network design with stochastic demand and carbon price.
Equation Listing    SOLVE supplychain Using MIP From line 550


     row9  =E=  (16) enforce the flow balance in manufacturing plant     
     
      - VLLL(product1,Queensland,South_Australia,train,s1) - VLLL(product1,Queensland,South_Australia,airplane,s1) - VLLL(product1,Queensland,Western_Australia,water_carriage,s1) - VLLL(product1,Queensland,Western_Australia,train,s1)
     
      - VLLL(product1,Queensland,Western_Australia,airplane,s1) - VLLL(product1,Queensland,New_South_Wales,water_carriage,s1) - VLLL(product1,Queensland,New_South_Wales,train,s1) - VLLL(product1,Queensland,New_South_Wales,airplane,s1)
     
      - VLLL(product1,Queensland,Victoria,water_carriage,s1) - VLLL(product1,Queensland,Victoria,train,s1) - VLLL(product1,Queensland,Victoria,airplane,s1) =E= 0 ; (LHS = 0)
     
row9(product1,Queensland,s2)..  VQ(product1,Queensland,green,s2) + VQ(product1,Queensland,semi_green,s2) + VQ(product1,Queensland,pollutant,s2) - VL(product1,Queensland,Queensland,water_carriage,s2) - VL(product1,Queensland,Queensland,train,s2)
     
      - VL(product1,Queensland,Queensland,airplane,s2) - VL(product1,Queensland,South_Australia,water_carriage,s2) - VL(product1,Queensland,South_Australia,train,s2) - VL(product1,Queensland,South_Australia,airplane,s2)
     
      - VL(product1,Queensland,Western_Australia,water_carriage,s2) - VL(product1,Queensland,Western_Australia,train,s2) - VL(product1,Queensland,Western_Australia,airplane,s2) - VL(product1,Queensland,New_South_Wales,water_carriage,s2)
     
      - VL(product1,Queensland,New_South_Wales,train,s2) - VL(product1,Queensland,New_South_Wales,airplane,s2) - VL(product1,Queensland,Victoria,water_carriage,s2) - VL(product1,Queensland,Victoria,train,s2) - VL(product1,Queensland,Victoria,airplane,s2)
     
      - VLLL(product1,Queensland,Queensland,water_carriage,s2) - VLLL(product1,Queensland,Queensland,train,s2) - VLLL(product1,Queensland,Queensland,airplane,s2) - VLLL(product1,Queensland,South_Australia,water_carriage,s2)
     
      - VLLL(product1,Queensland,South_Australia,train,s2) - VLLL(product1,Queensland,South_Australia,airplane,s2) - VLLL(product1,Queensland,Western_Australia,water_carriage,s2) - VLLL(product1,Queensland,Western_Australia,train,s2)
     
      - VLLL(product1,Queensland,Western_Australia,airplane,s2) - VLLL(product1,Queensland,New_South_Wales,water_carriage,s2) - VLLL(product1,Queensland,New_South_Wales,train,s2) - VLLL(product1,Queensland,New_South_Wales,airplane,s2)
     
      - VLLL(product1,Queensland,Victoria,water_carriage,s2) - VLLL(product1,Queensland,Victoria,train,s2) - VLLL(product1,Queensland,Victoria,airplane,s2) =E= 0 ; (LHS = 0)
     
row9(product1,Queensland,s3)..  VQ(product1,Queensland,green,s3) + VQ(product1,Queensland,semi_green,s3) + VQ(product1,Queensland,pollutant,s3) - VL(product1,Queensland,Queensland,water_carriage,s3) - VL(product1,Queensland,Queensland,train,s3)
     
      - VL(product1,Queensland,Queensland,airplane,s3) - VL(product1,Queensland,South_Australia,water_carriage,s3) - VL(product1,Queensland,South_Australia,train,s3) - VL(product1,Queensland,South_Australia,airplane,s3)
     
      - VL(product1,Queensland,Western_Australia,water_carriage,s3) - VL(product1,Queensland,Western_Australia,train,s3) - VL(product1,Queensland,Western_Australia,airplane,s3) - VL(product1,Queensland,New_South_Wales,water_carriage,s3)
     
      - VL(product1,Queensland,New_South_Wales,train,s3) - VL(product1,Queensland,New_South_Wales,airplane,s3) - VL(product1,Queensland,Victoria,water_carriage,s3) - VL(product1,Queensland,Victoria,train,s3) - VL(product1,Queensland,Victoria,airplane,s3)
     
      - VLLL(product1,Queensland,Queensland,water_carriage,s3) - VLLL(product1,Queensland,Queensland,train,s3) - VLLL(product1,Queensland,Queensland,airplane,s3) - VLLL(product1,Queensland,South_Australia,water_carriage,s3)
     
      - VLLL(product1,Queensland,South_Australia,train,s3) - VLLL(product1,Queensland,South_Australia,airplane,s3) - VLLL(product1,Queensland,Western_Australia,water_carriage,s3) - VLLL(product1,Queensland,Western_Australia,train,s3)
     
      - VLLL(product1,Queensland,Western_Australia,airplane,s3) - VLLL(product1,Queensland,New_South_Wales,water_carriage,s3) - VLLL(product1,Queensland,New_South_Wales,train,s3) - VLLL(product1,Queensland,New_South_Wales,airplane,s3)
     
      - VLLL(product1,Queensland,Victoria,water_carriage,s3) - VLLL(product1,Queensland,Victoria,train,s3) - VLLL(product1,Queensland,Victoria,airplane,s3) =E= 0 ; (LHS = 0)
     
REMAINING 357 ENTRIES SKIPPED


---- row10  =E=  (17) enforce the flow balance in warehouse

row10(product1,Queensland,s1)..  VL(product1,Queensland,Queensland,water_carriage,s1) + VL(product1,Queensland,Queensland,train,s1) + VL(product1,Queensland,Queensland,airplane,s1) + VL(product1,South_Australia,Queensland,water_carriage,s1)
     
      + VL(product1,South_Australia,Queensland,train,s1) + VL(product1,South_Australia,Queensland,airplane,s1) + VL(product1,Western_Australia,Queensland,water_carriage,s1) + VL(product1,Western_Australia,Queensland,train,s1)
     
      + VL(product1,Western_Australia,Queensland,airplane,s1) + VL(product1,New_South_Wales,Queensland,water_carriage,s1) + VL(product1,New_South_Wales,Queensland,train,s1) + VL(product1,New_South_Wales,Queensland,airplane,s1)
     
      + VL(product1,Victoria,Queensland,water_carriage,s1) + VL(product1,Victoria,Queensland,train,s1) + VL(product1,Victoria,Queensland,airplane,s1) - VLL(product1,Queensland,Queensland,water_carriage,s1) - VLL(product1,Queensland,Queensland,train,s1)
     
GAMS 24.9.2  r64480 Released Nov 14, 2017 DEX-DEG x86 64bit/Mac OS X                                                                                                                                                                  05/15/18 14:52:44 Page 18
green supply chain, from the paper Green supply chain network design with stochastic demand and carbon price.
Equation Listing    SOLVE supplychain Using MIP From line 550


     row10  =E=  (17) enforce the flow balance in warehouse     
     
      - VLL(product1,Queensland,Queensland,airplane,s1) - VLL(product1,Queensland,South_Australia,water_carriage,s1) - VLL(product1,Queensland,South_Australia,train,s1) - VLL(product1,Queensland,South_Australia,airplane,s1)
     
      - VLL(product1,Queensland,Western_Australia,water_carriage,s1) - VLL(product1,Queensland,Western_Australia,train,s1) - VLL(product1,Queensland,Western_Australia,airplane,s1) - VLL(product1,Queensland,New_South_Wales,water_carriage,s1)
     
      - VLL(product1,Queensland,New_South_Wales,train,s1) - VLL(product1,Queensland,New_South_Wales,airplane,s1) - VLL(product1,Queensland,Victoria,water_carriage,s1) - VLL(product1,Queensland,Victoria,train,s1)
     
      - VLL(product1,Queensland,Victoria,airplane,s1) =E= 0 ; (LHS = 0)
     
row10(product1,Queensland,s2)..  VL(product1,Queensland,Queensland,water_carriage,s2) + VL(product1,Queensland,Queensland,train,s2) + VL(product1,Queensland,Queensland,airplane,s2) + VL(product1,South_Australia,Queensland,water_carriage,s2)
     
      + VL(product1,South_Australia,Queensland,train,s2) + VL(product1,South_Australia,Queensland,airplane,s2) + VL(product1,Western_Australia,Queensland,water_carriage,s2) + VL(product1,Western_Australia,Queensland,train,s2)
     
      + VL(product1,Western_Australia,Queensland,airplane,s2) + VL(product1,New_South_Wales,Queensland,water_carriage,s2) + VL(product1,New_South_Wales,Queensland,train,s2) + VL(product1,New_South_Wales,Queensland,airplane,s2)
     
      + VL(product1,Victoria,Queensland,water_carriage,s2) + VL(product1,Victoria,Queensland,train,s2) + VL(product1,Victoria,Queensland,airplane,s2) - VLL(product1,Queensland,Queensland,water_carriage,s2) - VLL(product1,Queensland,Queensland,train,s2)
     
      - VLL(product1,Queensland,Queensland,airplane,s2) - VLL(product1,Queensland,South_Australia,water_carriage,s2) - VLL(product1,Queensland,South_Australia,train,s2) - VLL(product1,Queensland,South_Australia,airplane,s2)
     
      - VLL(product1,Queensland,Western_Australia,water_carriage,s2) - VLL(product1,Queensland,Western_Australia,train,s2) - VLL(product1,Queensland,Western_Australia,airplane,s2) - VLL(product1,Queensland,New_South_Wales,water_carriage,s2)
     
      - VLL(product1,Queensland,New_South_Wales,train,s2) - VLL(product1,Queensland,New_South_Wales,airplane,s2) - VLL(product1,Queensland,Victoria,water_carriage,s2) - VLL(product1,Queensland,Victoria,train,s2)
     
      - VLL(product1,Queensland,Victoria,airplane,s2) =E= 0 ; (LHS = 0)
     
row10(product1,Queensland,s3)..  VL(product1,Queensland,Queensland,water_carriage,s3) + VL(product1,Queensland,Queensland,train,s3) + VL(product1,Queensland,Queensland,airplane,s3) + VL(product1,South_Australia,Queensland,water_carriage,s3)
     
      + VL(product1,South_Australia,Queensland,train,s3) + VL(product1,South_Australia,Queensland,airplane,s3) + VL(product1,Western_Australia,Queensland,water_carriage,s3) + VL(product1,Western_Australia,Queensland,train,s3)
     
      + VL(product1,Western_Australia,Queensland,airplane,s3) + VL(product1,New_South_Wales,Queensland,water_carriage,s3) + VL(product1,New_South_Wales,Queensland,train,s3) + VL(product1,New_South_Wales,Queensland,airplane,s3)
     
      + VL(product1,Victoria,Queensland,water_carriage,s3) + VL(product1,Victoria,Queensland,train,s3) + VL(product1,Victoria,Queensland,airplane,s3) - VLL(product1,Queensland,Queensland,water_carriage,s3) - VLL(product1,Queensland,Queensland,train,s3)
     
      - VLL(product1,Queensland,Queensland,airplane,s3) - VLL(product1,Queensland,South_Australia,water_carriage,s3) - VLL(product1,Queensland,South_Australia,train,s3) - VLL(product1,Queensland,South_Australia,airplane,s3)
     
      - VLL(product1,Queensland,Western_Australia,water_carriage,s3) - VLL(product1,Queensland,Western_Australia,train,s3) - VLL(product1,Queensland,Western_Australia,airplane,s3) - VLL(product1,Queensland,New_South_Wales,water_carriage,s3)
     
      - VLL(product1,Queensland,New_South_Wales,train,s3) - VLL(product1,Queensland,New_South_Wales,airplane,s3) - VLL(product1,Queensland,Victoria,water_carriage,s3) - VLL(product1,Queensland,Victoria,train,s3)
     
      - VLL(product1,Queensland,Victoria,airplane,s3) =E= 0 ; (LHS = 0)
     
REMAINING 357 ENTRIES SKIPPED


---- row11  =E=  (18) enforce the flow balance in end-user

row11(product1,Queensland,s1)..  VLL(product1,Queensland,Queensland,water_carriage,s1) + VLL(product1,Queensland,Queensland,train,s1) + VLL(product1,Queensland,Queensland,airplane,s1) + VLL(product1,South_Australia,Queensland,water_carriage,s1)
     
      + VLL(product1,South_Australia,Queensland,train,s1) + VLL(product1,South_Australia,Queensland,airplane,s1) + VLL(product1,Western_Australia,Queensland,water_carriage,s1) + VLL(product1,Western_Australia,Queensland,train,s1)
     
      + VLL(product1,Western_Australia,Queensland,airplane,s1) + VLL(product1,New_South_Wales,Queensland,water_carriage,s1) + VLL(product1,New_South_Wales,Queensland,train,s1) + VLL(product1,New_South_Wales,Queensland,airplane,s1)
     
GAMS 24.9.2  r64480 Released Nov 14, 2017 DEX-DEG x86 64bit/Mac OS X                                                                                                                                                                  05/15/18 14:52:44 Page 19
green supply chain, from the paper Green supply chain network design with stochastic demand and carbon price.
Equation Listing    SOLVE supplychain Using MIP From line 550


     row11  =E=  (18) enforce the flow balance in end-user     
     
      + VLL(product1,Victoria,Queensland,water_carriage,s1) + VLL(product1,Victoria,Queensland,train,s1) + VLL(product1,Victoria,Queensland,airplane,s1) + VLLL(product1,Queensland,Queensland,water_carriage,s1)
     
      + VLLL(product1,Queensland,Queensland,train,s1) + VLLL(product1,Queensland,Queensland,airplane,s1) + VLLL(product1,South_Australia,Queensland,water_carriage,s1) + VLLL(product1,South_Australia,Queensland,train,s1)
     
      + VLLL(product1,South_Australia,Queensland,airplane,s1) + VLLL(product1,Western_Australia,Queensland,water_carriage,s1) + VLLL(product1,Western_Australia,Queensland,train,s1) + VLLL(product1,Western_Australia,Queensland,airplane,s1)
     
      + VLLL(product1,New_South_Wales,Queensland,water_carriage,s1) + VLLL(product1,New_South_Wales,Queensland,train,s1) + VLLL(product1,New_South_Wales,Queensland,airplane,s1) + VLLL(product1,Victoria,Queensland,water_carriage,s1)
     
      + VLLL(product1,Victoria,Queensland,train,s1) + VLLL(product1,Victoria,Queensland,airplane,s1) + VO(product1,Queensland,s1) =E= 0 ; (LHS = 0)
     
row11(product1,Queensland,s2)..  VLL(product1,Queensland,Queensland,water_carriage,s2) + VLL(product1,Queensland,Queensland,train,s2) + VLL(product1,Queensland,Queensland,airplane,s2) + VLL(product1,South_Australia,Queensland,water_carriage,s2)
     
      + VLL(product1,South_Australia,Queensland,train,s2) + VLL(product1,South_Australia,Queensland,airplane,s2) + VLL(product1,Western_Australia,Queensland,water_carriage,s2) + VLL(product1,Western_Australia,Queensland,train,s2)
     
      + VLL(product1,Western_Australia,Queensland,airplane,s2) + VLL(product1,New_South_Wales,Queensland,water_carriage,s2) + VLL(product1,New_South_Wales,Queensland,train,s2) + VLL(product1,New_South_Wales,Queensland,airplane,s2)
     
      + VLL(product1,Victoria,Queensland,water_carriage,s2) + VLL(product1,Victoria,Queensland,train,s2) + VLL(product1,Victoria,Queensland,airplane,s2) + VLLL(product1,Queensland,Queensland,water_carriage,s2)
     
      + VLLL(product1,Queensland,Queensland,train,s2) + VLLL(product1,Queensland,Queensland,airplane,s2) + VLLL(product1,South_Australia,Queensland,water_carriage,s2) + VLLL(product1,South_Australia,Queensland,train,s2)
     
      + VLLL(product1,South_Australia,Queensland,airplane,s2) + VLLL(product1,Western_Australia,Queensland,water_carriage,s2) + VLLL(product1,Western_Australia,Queensland,train,s2) + VLLL(product1,Western_Australia,Queensland,airplane,s2)
     
      + VLLL(product1,New_South_Wales,Queensland,water_carriage,s2) + VLLL(product1,New_South_Wales,Queensland,train,s2) + VLLL(product1,New_South_Wales,Queensland,airplane,s2) + VLLL(product1,Victoria,Queensland,water_carriage,s2)
     
      + VLLL(product1,Victoria,Queensland,train,s2) + VLLL(product1,Victoria,Queensland,airplane,s2) + VO(product1,Queensland,s2) =E= 0 ; (LHS = 0)
     
row11(product1,Queensland,s3)..  VLL(product1,Queensland,Queensland,water_carriage,s3) + VLL(product1,Queensland,Queensland,train,s3) + VLL(product1,Queensland,Queensland,airplane,s3) + VLL(product1,South_Australia,Queensland,water_carriage,s3)
     
      + VLL(product1,South_Australia,Queensland,train,s3) + VLL(product1,South_Australia,Queensland,airplane,s3) + VLL(product1,Western_Australia,Queensland,water_carriage,s3) + VLL(product1,Western_Australia,Queensland,train,s3)
     
      + VLL(product1,Western_Australia,Queensland,airplane,s3) + VLL(product1,New_South_Wales,Queensland,water_carriage,s3) + VLL(product1,New_South_Wales,Queensland,train,s3) + VLL(product1,New_South_Wales,Queensland,airplane,s3)
     
      + VLL(product1,Victoria,Queensland,water_carriage,s3) + VLL(product1,Victoria,Queensland,train,s3) + VLL(product1,Victoria,Queensland,airplane,s3) + VLLL(product1,Queensland,Queensland,water_carriage,s3)
     
      + VLLL(product1,Queensland,Queensland,train,s3) + VLLL(product1,Queensland,Queensland,airplane,s3) + VLLL(product1,South_Australia,Queensland,water_carriage,s3) + VLLL(product1,South_Australia,Queensland,train,s3)
     
      + VLLL(product1,South_Australia,Queensland,airplane,s3) + VLLL(product1,Western_Australia,Queensland,water_carriage,s3) + VLLL(product1,Western_Australia,Queensland,train,s3) + VLLL(product1,Western_Australia,Queensland,airplane,s3)
     
      + VLLL(product1,New_South_Wales,Queensland,water_carriage,s3) + VLLL(product1,New_South_Wales,Queensland,train,s3) + VLLL(product1,New_South_Wales,Queensland,airplane,s3) + VLLL(product1,Victoria,Queensland,water_carriage,s3)
     
      + VLLL(product1,Victoria,Queensland,train,s3) + VLLL(product1,Victoria,Queensland,airplane,s3) + VO(product1,Queensland,s3) =E= 0 ; (LHS = 0)
     
REMAINING 357 ENTRIES SKIPPED


---- row12  =L=  (19)  impose the product flow limitations between different supply chain participants

row12(Queensland,Queensland,water_carriage,s1)..  - 6*VL(product1,Queensland,Queensland,water_carriage,s1) - 2*VL(product2,Queensland,Queensland,water_carriage,s1) =L= 0 ; (LHS = 0)
     
GAMS 24.9.2  r64480 Released Nov 14, 2017 DEX-DEG x86 64bit/Mac OS X                                                                                                                                                                  05/15/18 14:52:44 Page 20
green supply chain, from the paper Green supply chain network design with stochastic demand and carbon price.
Equation Listing    SOLVE supplychain Using MIP From line 550


     row12  =L=  (19)  impose the product flow limitations between different supply chain participants

row12(Queensland,Queensland,water_carriage,s2)..  - 6*VL(product1,Queensland,Queensland,water_carriage,s2) - 2*VL(product2,Queensland,Queensland,water_carriage,s2) =L= 0 ; (LHS = 0)
     
row12(Queensland,Queensland,water_carriage,s3)..  - 6*VL(product1,Queensland,Queensland,water_carriage,s3) - 2*VL(product2,Queensland,Queensland,water_carriage,s3) =L= 0 ; (LHS = 0)
     
REMAINING 1797 ENTRIES SKIPPED


---- row13  =L=  (19)  impose the product flow limitations between different supply chain participants1

row13(Queensland,Queensland,water_carriage,s1)..  6*VL(product1,Queensland,Queensland,water_carriage,s1) + 2*VL(product2,Queensland,Queensland,water_carriage,s1) =L= 0 ; (LHS = 0)
     
row13(Queensland,Queensland,water_carriage,s2)..  6*VL(product1,Queensland,Queensland,water_carriage,s2) + 2*VL(product2,Queensland,Queensland,water_carriage,s2) =L= 0 ; (LHS = 0)
     
row13(Queensland,Queensland,water_carriage,s3)..  6*VL(product1,Queensland,Queensland,water_carriage,s3) + 2*VL(product2,Queensland,Queensland,water_carriage,s3) =L= 0 ; (LHS = 0)
     
REMAINING 1797 ENTRIES SKIPPED


---- row14  =L=  (20) mpose the product flow limitations between different supply chain participants

row14(Queensland,Queensland,water_carriage,s1)..  - 6*VLL(product1,Queensland,Queensland,water_carriage,s1) - 2*VLL(product2,Queensland,Queensland,water_carriage,s1) =L= 0 ; (LHS = 0)
     
row14(Queensland,Queensland,water_carriage,s2)..  - 6*VLL(product1,Queensland,Queensland,water_carriage,s2) - 2*VLL(product2,Queensland,Queensland,water_carriage,s2) =L= 0 ; (LHS = 0)
     
row14(Queensland,Queensland,water_carriage,s3)..  - 6*VLL(product1,Queensland,Queensland,water_carriage,s3) - 2*VLL(product2,Queensland,Queensland,water_carriage,s3) =L= 0 ; (LHS = 0)
     
REMAINING 1797 ENTRIES SKIPPED


---- row15  =L=  (20) mpose the product flow limitations between different supply chain participants1

row15(Queensland,Queensland,water_carriage,s1)..  6*VLL(product1,Queensland,Queensland,water_carriage,s1) + 2*VLL(product2,Queensland,Queensland,water_carriage,s1) =L= 0 ; (LHS = 0)
     
row15(Queensland,Queensland,water_carriage,s2)..  6*VLL(product1,Queensland,Queensland,water_carriage,s2) + 2*VLL(product2,Queensland,Queensland,water_carriage,s2) =L= 0 ; (LHS = 0)
     
row15(Queensland,Queensland,water_carriage,s3)..  6*VLL(product1,Queensland,Queensland,water_carriage,s3) + 2*VLL(product2,Queensland,Queensland,water_carriage,s3) =L= 0 ; (LHS = 0)
     
REMAINING 1797 ENTRIES SKIPPED


---- row16  =L=  (21) mpose the product flow limitations between different supply chain participants

row16(Queensland,Queensland,water_carriage,s1)..  - 6*VLLL(product1,Queensland,Queensland,water_carriage,s1) - 2*VLLL(product2,Queensland,Queensland,water_carriage,s1) =L= 0 ; (LHS = 0)
     
row16(Queensland,Queensland,water_carriage,s2)..  - 6*VLLL(product1,Queensland,Queensland,water_carriage,s2) - 2*VLLL(product2,Queensland,Queensland,water_carriage,s2) =L= 0 ; (LHS = 0)
     
row16(Queensland,Queensland,water_carriage,s3)..  - 6*VLLL(product1,Queensland,Queensland,water_carriage,s3) - 2*VLLL(product2,Queensland,Queensland,water_carriage,s3) =L= 0 ; (LHS = 0)
     
REMAINING 1797 ENTRIES SKIPPED

GAMS 24.9.2  r64480 Released Nov 14, 2017 DEX-DEG x86 64bit/Mac OS X                                                                                                                                                                  05/15/18 14:52:44 Page 21
green supply chain, from the paper Green supply chain network design with stochastic demand and carbon price.
Equation Listing    SOLVE supplychain Using MIP From line 550


---- row17  =L=  (21) mpose the product flow limitations between different supply chain participants1

row17(Queensland,Queensland,water_carriage,s1)..  6*VLLL(product1,Queensland,Queensland,water_carriage,s1) + 2*VLLL(product2,Queensland,Queensland,water_carriage,s1) =L= 0 ; (LHS = 0)
     
row17(Queensland,Queensland,water_carriage,s2)..  6*VLLL(product1,Queensland,Queensland,water_carriage,s2) + 2*VLLL(product2,Queensland,Queensland,water_carriage,s2) =L= 0 ; (LHS = 0)
     
row17(Queensland,Queensland,water_carriage,s3)..  6*VLLL(product1,Queensland,Queensland,water_carriage,s3) + 2*VLLL(product2,Queensland,Queensland,water_carriage,s3) =L= 0 ; (LHS = 0)
     
REMAINING 1797 ENTRIES SKIPPED

GAMS 24.9.2  r64480 Released Nov 14, 2017 DEX-DEG x86 64bit/Mac OS X                                                                                                                                                                  05/15/18 14:52:44 Page 22
green supply chain, from the paper Green supply chain network design with stochastic demand and carbon price.
Column Listing      SOLVE supplychain Using MIP From line 550


---- VQ  amount of product i produced in plant m with technology h in scenario s

VQ(product1,Queensland,green,s1)
                (.LO, .L, .UP, .M = 0, 0, +INF, 0)
        8       row5(Queensland,green,s1)
        4       row8(r1,Queensland,s1)
       12       row8(r2,Queensland,s1)
        1       row9(product1,Queensland,s1)

VQ(product1,Queensland,green,s2)
                (.LO, .L, .UP, .M = 0, 0, +INF, 0)
        8       row5(Queensland,green,s2)
        4       row8(r1,Queensland,s2)
       12       row8(r2,Queensland,s2)
        1       row9(product1,Queensland,s2)

VQ(product1,Queensland,green,s3)
                (.LO, .L, .UP, .M = 0, 0, +INF, 0)
        8       row5(Queensland,green,s3)
        4       row8(r1,Queensland,s3)
       12       row8(r2,Queensland,s3)
        1       row9(product1,Queensland,s3)

REMAINING 1077 ENTRIES SKIPPED

---- VR  amount of raw material r shipped from supplier n to plant m in scenario s

VR(r1,Queensland,Queensland,s1)
                (.LO, .L, .UP, .M = 0, 0, +INF, 0)
        1       row7(r1,Queensland,s1)
       -1       row8(r1,Queensland,s1)

VR(r1,Queensland,Queensland,s2)
                (.LO, .L, .UP, .M = 0, 0, +INF, 0)
        1       row7(r1,Queensland,s2)
       -1       row8(r1,Queensland,s2)

VR(r1,Queensland,Queensland,s3)
                (.LO, .L, .UP, .M = 0, 0, +INF, 0)
        1       row7(r1,Queensland,s3)
       -1       row8(r1,Queensland,s3)

REMAINING 1077 ENTRIES SKIPPED

---- VL  amount of product i shipped from plant m to warehouse w through technology k in scenario s

VL(product1,Queensland,Queensland,water_carriage,s1)
                (.LO, .L, .UP, .M = 0, 0, +INF, 0)
        6       row6(Queensland,s1)
       -1       row9(product1,Queensland,s1)
        1       row10(product1,Queensland,s1)
       -6       row12(Queensland,Queensland,water_carriage,s1)
        6       row13(Queensland,Queensland,water_carriage,s1)
GAMS 24.9.2  r64480 Released Nov 14, 2017 DEX-DEG x86 64bit/Mac OS X                                                                                                                                                                  05/15/18 14:52:44 Page 23
green supply chain, from the paper Green supply chain network design with stochastic demand and carbon price.
Column Listing      SOLVE supplychain Using MIP From line 550


     VL  amount of product i shipped from plant m to warehouse w through technology k in scenario s


VL(product1,Queensland,Queensland,water_carriage,s2)
                (.LO, .L, .UP, .M = 0, 0, +INF, 0)
        6       row6(Queensland,s2)
       -1       row9(product1,Queensland,s2)
        1       row10(product1,Queensland,s2)
       -6       row12(Queensland,Queensland,water_carriage,s2)
        6       row13(Queensland,Queensland,water_carriage,s2)

VL(product1,Queensland,Queensland,water_carriage,s3)
                (.LO, .L, .UP, .M = 0, 0, +INF, 0)
        6       row6(Queensland,s3)
       -1       row9(product1,Queensland,s3)
        1       row10(product1,Queensland,s3)
       -6       row12(Queensland,Queensland,water_carriage,s3)
        6       row13(Queensland,Queensland,water_carriage,s3)

REMAINING 5397 ENTRIES SKIPPED

---- VLL  amount of product i shipped from warehouse w through technology k in scenario s

VLL(product1,Queensland,Queensland,water_carriage,s1)
                (.LO, .L, .UP, .M = 0, 0, +INF, 0)
       -1       row10(product1,Queensland,s1)
        1       row11(product1,Queensland,s1)
       -6       row14(Queensland,Queensland,water_carriage,s1)
        6       row15(Queensland,Queensland,water_carriage,s1)

VLL(product1,Queensland,Queensland,water_carriage,s2)
                (.LO, .L, .UP, .M = 0, 0, +INF, 0)
       -1       row10(product1,Queensland,s2)
        1       row11(product1,Queensland,s2)
       -6       row14(Queensland,Queensland,water_carriage,s2)
        6       row15(Queensland,Queensland,water_carriage,s2)

VLL(product1,Queensland,Queensland,water_carriage,s3)
                (.LO, .L, .UP, .M = 0, 0, +INF, 0)
       -1       row10(product1,Queensland,s3)
        1       row11(product1,Queensland,s3)
       -6       row14(Queensland,Queensland,water_carriage,s3)
        6       row15(Queensland,Queensland,water_carriage,s3)

REMAINING 5397 ENTRIES SKIPPED

---- VLLL  amount of product i shipped from plant m to end-user j through technology k in scenario s

VLLL(product1,Queensland,Queensland,water_carriage,s1)
                (.LO, .L, .UP, .M = 0, 0, +INF, 0)
       -1       row9(product1,Queensland,s1)
        1       row11(product1,Queensland,s1)
       -6       row16(Queensland,Queensland,water_carriage,s1)
GAMS 24.9.2  r64480 Released Nov 14, 2017 DEX-DEG x86 64bit/Mac OS X                                                                                                                                                                  05/15/18 14:52:44 Page 24
green supply chain, from the paper Green supply chain network design with stochastic demand and carbon price.
Column Listing      SOLVE supplychain Using MIP From line 550


     VLLL  amount of product i shipped from plant m to end-user j through technology k in scenario s

        6       row17(Queensland,Queensland,water_carriage,s1)

VLLL(product1,Queensland,Queensland,water_carriage,s2)
                (.LO, .L, .UP, .M = 0, 0, +INF, 0)
       -1       row9(product1,Queensland,s2)
        1       row11(product1,Queensland,s2)
       -6       row16(Queensland,Queensland,water_carriage,s2)
        6       row17(Queensland,Queensland,water_carriage,s2)

VLLL(product1,Queensland,Queensland,water_carriage,s3)
                (.LO, .L, .UP, .M = 0, 0, +INF, 0)
       -1       row9(product1,Queensland,s3)
        1       row11(product1,Queensland,s3)
       -6       row16(Queensland,Queensland,water_carriage,s3)
        6       row17(Queensland,Queensland,water_carriage,s3)

REMAINING 5397 ENTRIES SKIPPED

---- VO  amount of shortage for product i in end-user j in scenario s

VO(product1,Queensland,s1)
                (.LO, .L, .UP, .M = -INF, 0, +INF, 0)
        1       row11(product1,Queensland,s1)

VO(product1,Queensland,s2)
                (.LO, .L, .UP, .M = -INF, 0, +INF, 0)
        1       row11(product1,Queensland,s2)

VO(product1,Queensland,s3)
                (.LO, .L, .UP, .M = -INF, 0, +INF, 0)
        1       row11(product1,Queensland,s3)

REMAINING 357 ENTRIES SKIPPED

---- VE  Net number of carbon credits traded in scenario s

VE(s1)
                (.LO, .L, .UP, .M = -INF, 0, +INF, 0)
      -25.02    cost
       -1       row4(s1)

VE(s2)
                (.LO, .L, .UP, .M = -INF, 0, +INF, 0)
      -12.51    cost
       -1       row4(s2)

VE(s3)
                (.LO, .L, .UP, .M = -INF, 0, +INF, 0)
       -1       row4(s3)

REMAINING 21 ENTRIES SKIPPED
GAMS 24.9.2  r64480 Released Nov 14, 2017 DEX-DEG x86 64bit/Mac OS X                                                                                                                                                                  05/15/18 14:52:44 Page 25
green supply chain, from the paper Green supply chain network design with stochastic demand and carbon price.
Column Listing      SOLVE supplychain Using MIP From line 550


---- VF  1 if manufacturing plant m with technology h anf capacity u is estimated 0 otherwise

VF(Queensland,green,small)
                (.LO, .L, .UP, .M = 0, 0, 1, 0)
        1       row2(Queensland)

VF(Queensland,green,medium)
                (.LO, .L, .UP, .M = 0, 0, 1, 0)
        1       row2(Queensland)

VF(Queensland,green,large)
                (.LO, .L, .UP, .M = 0, 0, 1, 0)
        1       row2(Queensland)

REMAINING 42 ENTRIES SKIPPED

---- VFF  1 if warehouse w with capacity level v is estimated, 0 otherwise

VFF(Queensland,small)
                (.LO, .L, .UP, .M = 0, 0, 1, 0)
      600       row1
        1       row3(Queensland)

VFF(Queensland,large)
                (.LO, .L, .UP, .M = 0, 0, 1, 0)
        1       row3(Queensland)

VFF(South_Australia,small)
                (.LO, .L, .UP, .M = 0, 0, 1, 0)
        1       row3(South_Australia)

REMAINING 7 ENTRIES SKIPPED

---- VFFF  1 if supplier n is selected, 0 otherwise

VFFF(Queensland)
                (.LO, .L, .UP, .M = 0, 0, 1, 0)
    -1200       cost
       -4       row7(r1,Queensland,s1)
       -4       row7(r1,Queensland,s2)
       -4       row7(r1,Queensland,s3)
       -4       row7(r1,Queensland,s4)
       -4       row7(r1,Queensland,s5)
       -4       row7(r1,Queensland,s6)
       -4       row7(r1,Queensland,s7)
       -4       row7(r1,Queensland,s8)
       -4       row7(r1,Queensland,s9)
       -4       row7(r1,Queensland,s10)
       -4       row7(r1,Queensland,s11)
       -4       row7(r1,Queensland,s12)
       -4       row7(r1,Queensland,s13)
       -4       row7(r1,Queensland,s14)
       -4       row7(r1,Queensland,s15)
GAMS 24.9.2  r64480 Released Nov 14, 2017 DEX-DEG x86 64bit/Mac OS X                                                                                                                                                                  05/15/18 14:52:44 Page 26
green supply chain, from the paper Green supply chain network design with stochastic demand and carbon price.
Column Listing      SOLVE supplychain Using MIP From line 550


     VFFF  1 if supplier n is selected, 0 otherwise

       -4       row7(r1,Queensland,s16)
       -4       row7(r1,Queensland,s17)
       -4       row7(r1,Queensland,s18)
       -4       row7(r1,Queensland,s19)
       -4       row7(r1,Queensland,s20)
       -4       row7(r1,Queensland,s21)
       -4       row7(r1,Queensland,s22)
       -4       row7(r1,Queensland,s23)
       -4       row7(r1,Queensland,s24)

VFFF(South_Australia)
                (.LO, .L, .UP, .M = 0, 0, 1, 0)
     -600       cost
      -12       row7(r1,South_Australia,s1)
      -12       row7(r1,South_Australia,s2)
      -12       row7(r1,South_Australia,s3)
      -12       row7(r1,South_Australia,s4)
      -12       row7(r1,South_Australia,s5)
      -12       row7(r1,South_Australia,s6)
      -12       row7(r1,South_Australia,s7)
      -12       row7(r1,South_Australia,s8)
      -12       row7(r1,South_Australia,s9)
      -12       row7(r1,South_Australia,s10)
      -12       row7(r1,South_Australia,s11)
      -12       row7(r1,South_Australia,s12)
      -12       row7(r1,South_Australia,s13)
      -12       row7(r1,South_Australia,s14)
      -12       row7(r1,South_Australia,s15)
      -12       row7(r1,South_Australia,s16)
      -12       row7(r1,South_Australia,s17)
      -12       row7(r1,South_Australia,s18)
      -12       row7(r1,South_Australia,s19)
      -12       row7(r1,South_Australia,s20)
      -12       row7(r1,South_Australia,s21)
      -12       row7(r1,South_Australia,s22)
      -12       row7(r1,South_Australia,s23)
      -12       row7(r1,South_Australia,s24)

VFFF(Western_Australia)
                (.LO, .L, .UP, .M = 0, 0, 1, 0)
     -200       cost


---- VG  1 if there is a flow between plant m and warehouse w through mode k in scenario s , 0 otherwise

VG(Victoria,Queensland,water_carriage,s1)
                (.LO, .L, .UP, .M = 0, 0, 1, 0)
        5       row12(Victoria,Queensland,water_carriage,s1)
      -15       row13(Victoria,Queensland,water_carriage,s1)

VG(Victoria,Queensland,water_carriage,s2)
GAMS 24.9.2  r64480 Released Nov 14, 2017 DEX-DEG x86 64bit/Mac OS X                                                                                                                                                                  05/15/18 14:52:44 Page 27
green supply chain, from the paper Green supply chain network design with stochastic demand and carbon price.
Column Listing      SOLVE supplychain Using MIP From line 550


     VG  1 if there is a flow between plant m and warehouse w through mode k in scenario s , 0 otherwise

                (.LO, .L, .UP, .M = 0, 0, 1, 0)
        5       row12(Victoria,Queensland,water_carriage,s2)
      -15       row13(Victoria,Queensland,water_carriage,s2)

VG(Victoria,Queensland,water_carriage,s3)
                (.LO, .L, .UP, .M = 0, 0, 1, 0)
        5       row12(Victoria,Queensland,water_carriage,s3)
      -15       row13(Victoria,Queensland,water_carriage,s3)

REMAINING 21 ENTRIES SKIPPED

---- VGG  1 if there is a flow between warehouse w and end-user j through mode k in scenario s, 0 otherwise

VGG(Victoria,Queensland,water_carriage,s1)
                (.LO, .L, .UP, .M = 0, 0, 1, 0)
        5       row14(Victoria,Queensland,water_carriage,s1)
      -15       row15(Victoria,Queensland,water_carriage,s1)

VGG(Victoria,Queensland,water_carriage,s2)
                (.LO, .L, .UP, .M = 0, 0, 1, 0)
        5       row14(Victoria,Queensland,water_carriage,s2)
      -15       row15(Victoria,Queensland,water_carriage,s2)

VGG(Victoria,Queensland,water_carriage,s3)
                (.LO, .L, .UP, .M = 0, 0, 1, 0)
        5       row14(Victoria,Queensland,water_carriage,s3)
      -15       row15(Victoria,Queensland,water_carriage,s3)

REMAINING 21 ENTRIES SKIPPED

---- VGGG  1 if there is a flow between palnt m and end-user j through mode k in scenario s, 0 otherwise

VGGG(Victoria,Queensland,water_carriage,s1)
                (.LO, .L, .UP, .M = 0, 0, 1, 0)
        5       row16(Victoria,Queensland,water_carriage,s1)
      -15       row17(Victoria,Queensland,water_carriage,s1)

VGGG(Victoria,Queensland,water_carriage,s2)
                (.LO, .L, .UP, .M = 0, 0, 1, 0)
        5       row16(Victoria,Queensland,water_carriage,s2)
      -15       row17(Victoria,Queensland,water_carriage,s2)

VGGG(Victoria,Queensland,water_carriage,s3)
                (.LO, .L, .UP, .M = 0, 0, 1, 0)
        5       row16(Victoria,Queensland,water_carriage,s3)
      -15       row17(Victoria,Queensland,water_carriage,s3)

REMAINING 21 ENTRIES SKIPPED
GAMS 24.9.2  r64480 Released Nov 14, 2017 DEX-DEG x86 64bit/Mac OS X                                                                                                                                                                  05/15/18 14:52:44 Page 28
green supply chain, from the paper Green supply chain network design with stochastic demand and carbon price.
Column Listing      SOLVE supplychain Using MIP From line 550


---- z  overall SCND costs at strategic and tactical level

z
                (.LO, .L, .UP, .M = -INF, 0, +INF, 0)
        1       cost

GAMS 24.9.2  r64480 Released Nov 14, 2017 DEX-DEG x86 64bit/Mac OS X                                                                                                                                                                  05/15/18 14:52:44 Page 29
green supply chain, from the paper Green supply chain network design with stochastic demand and carbon price.
Model Statistics    SOLVE supplychain Using MIP From line 550


MODEL STATISTICS

BLOCKS OF EQUATIONS          18     SINGLE EQUATIONS       12,852
BLOCKS OF VARIABLES          14     SINGLE VARIABLES       18,875
NON ZERO ELEMENTS        62,842     DISCRETE VARIABLES        130



**** THE MODEL EXCEEDS THE DEMO LIMITS
**** MAX MATRIX ROWS          300
**** MAX MATRIX COLUMNS       300
**** MAX NON ZERO ELEMENTS   2000
**** MAX NON LINEAR N-Z      1000
**** MAX DISCRETE VARIABLES    50
**** Terminated due to a licensing error

     GAMS Development Corporation, USA              G871201/0000CA-ANY
     Free Demo, +1 202-342-0180, support@gams.com, www.gams.com       
     10518827000S                                                   00
     01234567000000                                                   
     DC0000       Ref: Generated by Base            A Demo            
